This file contains any messages produced by compilers while
running configure, to aid debugging if configure makes a mistake.

It was created by Yate configure 5.5.1, which was
generated by GNU Autoconf 2.69.  Invocation command line was

  $ ./configure 

## --------- ##
## Platform. ##
## --------- ##

hostname = 172-16-245-197.DYNAPOOL.NYU.EDU
uname -m = x86_64
uname -r = 14.5.0
uname -s = Darwin
uname -v = Darwin Kernel Version 14.5.0: Tue Sep  1 21:23:09 PDT 2015; root:xnu-2782.50.1~1/RELEASE_X86_64

/usr/bin/uname -p = i386
/bin/uname -X     = unknown

/bin/arch              = unknown
/usr/bin/arch -k       = unknown
/usr/convex/getsysinfo = unknown
/usr/bin/hostinfo      = Mach kernel version:
	 Darwin Kernel Version 14.5.0: Tue Sep  1 21:23:09 PDT 2015; root:xnu-2782.50.1~1/RELEASE_X86_64
Kernel configured for up to 4 processors.
2 processors are physically available.
4 processors are logically available.
Processor type: x86_64h (Intel x86-64h Haswell)
Processors active: 0 1 2 3
Primary memory available: 8.00 gigabytes
Default processor set: 269 tasks, 1189 threads, 4 processors
Load average: 1.28, Mach factor: 2.71
/bin/machine           = unknown
/usr/bin/oslevel       = unknown
/bin/universe          = unknown

PATH: /Users/Mehrotra/.rvm/gems/ruby-2.2.1/bin
PATH: /Users/Mehrotra/.rvm/gems/ruby-2.2.1@global/bin
PATH: /Users/Mehrotra/.rvm/rubies/ruby-2.2.1/bin
PATH: /Users/Mehrotra/perl5/bin
PATH: /usr/local/bin
PATH: /usr/bin
PATH: /bin
PATH: /usr/sbin
PATH: /sbin
PATH: /usr/local/bin
PATH: /usr/bin
PATH: /bin
PATH: /usr/sbin
PATH: /sbin
PATH: /Users/Mehrotra/.rvm/bin


## ----------- ##
## Core tests. ##
## ----------- ##

configure:2399: checking for local operating system type
configure:2403: result: Darwin
configure:2413: checking for libraries directory name
configure:2438: result: lib
configure:2501: checking for g++
configure:2517: found /usr/bin/g++
configure:2528: result: g++
configure:2555: checking for C++ compiler version
configure:2564: g++ --version >&5
Apple LLVM version 7.0.2 (clang-700.1.81)
Target: x86_64-apple-darwin14.5.0
Thread model: posix
Configured with: --prefix=/Applications/Xcode.app/Contents/Developer/usr --with-gxx-include-dir=/usr/include/c++/4.2.1
configure:2575: $? = 0
configure:2564: g++ -v >&5
Configured with: --prefix=/Applications/Xcode.app/Contents/Developer/usr --with-gxx-include-dir=/usr/include/c++/4.2.1
Apple LLVM version 7.0.2 (clang-700.1.81)
Target: x86_64-apple-darwin14.5.0
Thread model: posix
configure:2575: $? = 0
configure:2564: g++ -V >&5
clang: error: argument to '-V' is missing (expected 1 value)
clang: error: no input files
configure:2575: $? = 1
configure:2564: g++ -qversion >&5
clang: error: unknown argument: '-qversion'
clang: error: no input files
configure:2575: $? = 1
configure:2595: checking whether the C++ compiler works
configure:2617: g++    conftest.cpp  >&5
configure:2621: $? = 0
configure:2669: result: yes
configure:2672: checking for C++ compiler default output file name
configure:2674: result: a.out
configure:2680: checking for suffix of executables
configure:2687: g++ -o conftest    conftest.cpp  >&5
configure:2691: $? = 0
configure:2713: result: 
configure:2735: checking whether we are cross compiling
configure:2743: g++ -o conftest    conftest.cpp  >&5
configure:2747: $? = 0
configure:2754: ./conftest
configure:2758: $? = 0
configure:2773: result: no
configure:2778: checking for suffix of object files
configure:2800: g++ -c   conftest.cpp >&5
configure:2804: $? = 0
configure:2825: result: o
configure:2829: checking whether we are using the GNU C++ compiler
configure:2848: g++ -c   conftest.cpp >&5
configure:2848: $? = 0
configure:2857: result: yes
configure:2866: checking whether g++ accepts -g
configure:2886: g++ -c -g  conftest.cpp >&5
configure:2886: $? = 0
configure:2927: result: yes
configure:2998: checking for gcc
configure:3014: found /usr/bin/gcc
configure:3025: result: gcc
configure:3254: checking for C compiler version
configure:3263: gcc --version >&5
Apple LLVM version 7.0.2 (clang-700.1.81)
Target: x86_64-apple-darwin14.5.0
Thread model: posix
Configured with: --prefix=/Applications/Xcode.app/Contents/Developer/usr --with-gxx-include-dir=/usr/include/c++/4.2.1
configure:3274: $? = 0
configure:3263: gcc -v >&5
Configured with: --prefix=/Applications/Xcode.app/Contents/Developer/usr --with-gxx-include-dir=/usr/include/c++/4.2.1
Apple LLVM version 7.0.2 (clang-700.1.81)
Target: x86_64-apple-darwin14.5.0
Thread model: posix
configure:3274: $? = 0
configure:3263: gcc -V >&5
clang: error: argument to '-V' is missing (expected 1 value)
clang: error: no input files
configure:3274: $? = 1
configure:3263: gcc -qversion >&5
clang: error: unknown argument: '-qversion'
clang: error: no input files
configure:3274: $? = 1
configure:3278: checking whether we are using the GNU C compiler
configure:3297: gcc -c   conftest.c >&5
configure:3297: $? = 0
configure:3306: result: yes
configure:3315: checking whether gcc accepts -g
configure:3335: gcc -c -g  conftest.c >&5
configure:3335: $? = 0
configure:3376: result: yes
configure:3393: checking for gcc option to accept ISO C89
configure:3456: gcc  -c -g -O2  conftest.c >&5
configure:3456: $? = 0
configure:3469: result: none needed
configure:3493: checking for gawk
configure:3523: result: no
configure:3493: checking for mawk
configure:3523: result: no
configure:3493: checking for nawk
configure:3523: result: no
configure:3493: checking for awk
configure:3509: found /usr/bin/awk
configure:3520: result: awk
configure:3532: checking for sed command to use
configure:3541: result: sed -E
configure:3550: checking how to run the C preprocessor
configure:3581: gcc -E  conftest.c
configure:3581: $? = 0
configure:3595: gcc -E  conftest.c
conftest.c:9:10: fatal error: 'ac_nonexistent.h' file not found
#include <ac_nonexistent.h>
         ^
1 error generated.
configure:3595: $? = 1
configure: failed program was:
| /* confdefs.h */
| #define PACKAGE_NAME "Yate"
| #define PACKAGE_TARNAME "yate"
| #define PACKAGE_VERSION "5.5.1"
| #define PACKAGE_STRING "Yate 5.5.1"
| #define PACKAGE_BUGREPORT ""
| #define PACKAGE_URL ""
| /* end confdefs.h.  */
| #include <ac_nonexistent.h>
configure:3620: result: gcc -E
configure:3640: gcc -E  conftest.c
configure:3640: $? = 0
configure:3654: gcc -E  conftest.c
conftest.c:9:10: fatal error: 'ac_nonexistent.h' file not found
#include <ac_nonexistent.h>
         ^
1 error generated.
configure:3654: $? = 1
configure: failed program was:
| /* confdefs.h */
| #define PACKAGE_NAME "Yate"
| #define PACKAGE_TARNAME "yate"
| #define PACKAGE_VERSION "5.5.1"
| #define PACKAGE_STRING "Yate 5.5.1"
| #define PACKAGE_BUGREPORT ""
| #define PACKAGE_URL ""
| /* end confdefs.h.  */
| #include <ac_nonexistent.h>
configure:3683: checking for grep that handles long lines and -e
configure:3741: result: /usr/bin/grep
configure:3746: checking for egrep
configure:3808: result: /usr/bin/grep -E
configure:3813: checking for ANSI C header files
configure:3833: gcc -c -g -O2  conftest.c >&5
configure:3833: $? = 0
configure:3906: gcc -o conftest -g -O2   conftest.c  >&5
configure:3906: $? = 0
configure:3906: ./conftest
configure:3906: $? = 0
configure:3917: result: yes
configure:3930: checking for sys/types.h
configure:3930: gcc -c -g -O2  conftest.c >&5
configure:3930: $? = 0
configure:3930: result: yes
configure:3930: checking for sys/stat.h
configure:3930: gcc -c -g -O2  conftest.c >&5
configure:3930: $? = 0
configure:3930: result: yes
configure:3930: checking for stdlib.h
configure:3930: gcc -c -g -O2  conftest.c >&5
configure:3930: $? = 0
configure:3930: result: yes
configure:3930: checking for string.h
configure:3930: gcc -c -g -O2  conftest.c >&5
configure:3930: $? = 0
configure:3930: result: yes
configure:3930: checking for memory.h
configure:3930: gcc -c -g -O2  conftest.c >&5
configure:3930: $? = 0
configure:3930: result: yes
configure:3930: checking for strings.h
configure:3930: gcc -c -g -O2  conftest.c >&5
configure:3930: $? = 0
configure:3930: result: yes
configure:3930: checking for inttypes.h
configure:3930: gcc -c -g -O2  conftest.c >&5
configure:3930: $? = 0
configure:3930: result: yes
configure:3930: checking for stdint.h
configure:3930: gcc -c -g -O2  conftest.c >&5
configure:3930: $? = 0
configure:3930: result: yes
configure:3930: checking for unistd.h
configure:3930: gcc -c -g -O2  conftest.c >&5
configure:3930: $? = 0
configure:3930: result: yes
configure:3942: checking whether byte ordering is bigendian
configure:3957: gcc -c -g -O2  conftest.c >&5
configure:3957: $? = 0
configure:4002: gcc -c -g -O2  conftest.c >&5
configure:4002: $? = 0
configure:4020: gcc -c -g -O2  conftest.c >&5
conftest.c:26:4: error: use of undeclared identifier 'not'
                 not big endian
                 ^
1 error generated.
configure:4020: $? = 1
configure: failed program was:
| /* confdefs.h */
| #define PACKAGE_NAME "Yate"
| #define PACKAGE_TARNAME "yate"
| #define PACKAGE_VERSION "5.5.1"
| #define PACKAGE_STRING "Yate 5.5.1"
| #define PACKAGE_BUGREPORT ""
| #define PACKAGE_URL ""
| #define STDC_HEADERS 1
| #define HAVE_SYS_TYPES_H 1
| #define HAVE_SYS_STAT_H 1
| #define HAVE_STDLIB_H 1
| #define HAVE_STRING_H 1
| #define HAVE_MEMORY_H 1
| #define HAVE_STRINGS_H 1
| #define HAVE_INTTYPES_H 1
| #define HAVE_STDINT_H 1
| #define HAVE_UNISTD_H 1
| /* end confdefs.h.  */
| #include <sys/types.h>
| 		#include <sys/param.h>
| 
| int
| main ()
| {
| #if BYTE_ORDER != BIG_ENDIAN
| 		 not big endian
| 		#endif
| 
|   ;
|   return 0;
| }
configure:4148: result: no
configure:4168: checking for gcc printf format typechecks
configure:4183: gcc -c -g -O2 -Wall -Werror  conftest.c >&5
configure:4183: $? = 0
configure:4193: result: yes
configure:4198: checking for -Wno-overloaded-virtual flag
configure:4213: gcc -c -Wno-overloaded-virtual -Werror  conftest.c >&5
configure:4213: $? = 0
configure:4223: result: yes
configure:4228: checking if ld supports reporting unresolved symbols
configure:4243: gcc -o conftest -g -O2 -Wall -Werror -Wl,--unresolved-symbols=ignore-in-shared-libs   conftest.c  >&5
ld: unknown option: --unresolved-symbols=ignore-in-shared-libs
clang: error: linker command failed with exit code 1 (use -v to see invocation)
configure:4243: $? = 1
configure: failed program was:
| /* confdefs.h */
| #define PACKAGE_NAME "Yate"
| #define PACKAGE_TARNAME "yate"
| #define PACKAGE_VERSION "5.5.1"
| #define PACKAGE_STRING "Yate 5.5.1"
| #define PACKAGE_BUGREPORT ""
| #define PACKAGE_URL ""
| #define STDC_HEADERS 1
| #define HAVE_SYS_TYPES_H 1
| #define HAVE_SYS_STAT_H 1
| #define HAVE_STDLIB_H 1
| #define HAVE_STRING_H 1
| #define HAVE_MEMORY_H 1
| #define HAVE_STRINGS_H 1
| #define HAVE_INTTYPES_H 1
| #define HAVE_STDINT_H 1
| #define HAVE_UNISTD_H 1
| /* end confdefs.h.  */
| 
| int
| main ()
| {
| 
|   ;
|   return 0;
| }
configure:4251: result: no
configure:4264: checking if instruction blocks return values
configure:4277: gcc -c -g -O2  conftest.c >&5
configure:4277: $? = 0
configure:4281: result: yes
configure:4295: checking for dirent.h that defines DIR
configure:4314: gcc -c -g -O2  conftest.c >&5
configure:4314: $? = 0
configure:4322: result: yes
configure:4335: checking for library containing opendir
configure:4366: gcc -o conftest -g -O2   conftest.c  >&5
configure:4366: $? = 0
configure:4383: result: none required
configure:4450: checking for ANSI C header files
configure:4554: result: yes
configure:4565: checking fcntl.h usability
configure:4565: gcc -c -g -O2  conftest.c >&5
configure:4565: $? = 0
configure:4565: result: yes
configure:4565: checking fcntl.h presence
configure:4565: gcc -E  conftest.c
configure:4565: $? = 0
configure:4565: result: yes
configure:4565: checking for fcntl.h
configure:4565: result: yes
configure:4565: checking semaphore.h usability
configure:4565: gcc -c -g -O2  conftest.c >&5
configure:4565: $? = 0
configure:4565: result: yes
configure:4565: checking semaphore.h presence
configure:4565: gcc -E  conftest.c
configure:4565: $? = 0
configure:4565: result: yes
configure:4565: checking for semaphore.h
configure:4565: result: yes
configure:4565: checking arpa/inet.h usability
configure:4565: gcc -c -g -O2  conftest.c >&5
configure:4565: $? = 0
configure:4565: result: yes
configure:4565: checking arpa/inet.h presence
configure:4565: gcc -E  conftest.c
configure:4565: $? = 0
configure:4565: result: yes
configure:4565: checking for arpa/inet.h
configure:4565: result: yes
configure:4565: checking netdb.h usability
configure:4565: gcc -c -g -O2  conftest.c >&5
configure:4565: $? = 0
configure:4565: result: yes
configure:4565: checking netdb.h presence
configure:4565: gcc -E  conftest.c
configure:4565: $? = 0
configure:4565: result: yes
configure:4565: checking for netdb.h
configure:4565: result: yes
configure:4565: checking netinet/in.h usability
configure:4565: gcc -c -g -O2  conftest.c >&5
configure:4565: $? = 0
configure:4565: result: yes
configure:4565: checking netinet/in.h presence
configure:4565: gcc -E  conftest.c
configure:4565: $? = 0
configure:4565: result: yes
configure:4565: checking for netinet/in.h
configure:4565: result: yes
configure:4565: checking sys/ioctl.h usability
configure:4565: gcc -c -g -O2  conftest.c >&5
configure:4565: $? = 0
configure:4565: result: yes
configure:4565: checking sys/ioctl.h presence
configure:4565: gcc -E  conftest.c
configure:4565: $? = 0
configure:4565: result: yes
configure:4565: checking for sys/ioctl.h
configure:4565: result: yes
configure:4565: checking sys/socket.h usability
configure:4565: gcc -c -g -O2  conftest.c >&5
configure:4565: $? = 0
configure:4565: result: yes
configure:4565: checking sys/socket.h presence
configure:4565: gcc -E  conftest.c
configure:4565: $? = 0
configure:4565: result: yes
configure:4565: checking for sys/socket.h
configure:4565: result: yes
configure:4565: checking sys/time.h usability
configure:4565: gcc -c -g -O2  conftest.c >&5
configure:4565: $? = 0
configure:4565: result: yes
configure:4565: checking sys/time.h presence
configure:4565: gcc -E  conftest.c
configure:4565: $? = 0
configure:4565: result: yes
configure:4565: checking for sys/time.h
configure:4565: result: yes
configure:4579: checking for an ANSI C-conforming const
configure:4645: gcc -c -g -O2  conftest.c >&5
configure:4645: $? = 0
configure:4652: result: yes
configure:4660: checking for inline
configure:4676: gcc -c -g -O2  conftest.c >&5
configure:4676: $? = 0
configure:4684: result: inline
configure:4702: checking whether time.h and sys/time.h may both be included
configure:4722: gcc -c -g -O2  conftest.c >&5
configure:4722: $? = 0
configure:4729: result: yes
configure:4739: checking return type of signal handlers
configure:4757: gcc -c -g -O2  conftest.c >&5
conftest.c:36:8: error: indirection requires pointer operand ('void' invalid)
return *(signal (0, 0)) (0) == 1;
       ^~~~~~~~~~~~~~~~~~~~
1 error generated.
configure:4757: $? = 1
configure: failed program was:
| /* confdefs.h */
| #define PACKAGE_NAME "Yate"
| #define PACKAGE_TARNAME "yate"
| #define PACKAGE_VERSION "5.5.1"
| #define PACKAGE_STRING "Yate 5.5.1"
| #define PACKAGE_BUGREPORT ""
| #define PACKAGE_URL ""
| #define STDC_HEADERS 1
| #define HAVE_SYS_TYPES_H 1
| #define HAVE_SYS_STAT_H 1
| #define HAVE_STDLIB_H 1
| #define HAVE_STRING_H 1
| #define HAVE_MEMORY_H 1
| #define HAVE_STRINGS_H 1
| #define HAVE_INTTYPES_H 1
| #define HAVE_STDINT_H 1
| #define HAVE_UNISTD_H 1
| #define HAVE_DIRENT_H 1
| #define STDC_HEADERS 1
| #define HAVE_FCNTL_H 1
| #define HAVE_SEMAPHORE_H 1
| #define HAVE_ARPA_INET_H 1
| #define HAVE_NETDB_H 1
| #define HAVE_NETINET_IN_H 1
| #define HAVE_SYS_IOCTL_H 1
| #define HAVE_SYS_SOCKET_H 1
| #define HAVE_SYS_TIME_H 1
| #define TIME_WITH_SYS_TIME 1
| /* end confdefs.h.  */
| #include <sys/types.h>
| #include <signal.h>
| 
| int
| main ()
| {
| return *(signal (0, 0)) (0) == 1;
|   ;
|   return 0;
| }
configure:4764: result: void
configure:4775: checking for malloc
configure:4775: gcc -o conftest -g -O2   conftest.c  >&5
conftest.c:54:6: warning: incompatible redeclaration of library function 'malloc' [-Wincompatible-library-redeclaration]
char malloc ();
     ^
conftest.c:54:6: note: 'malloc' is a builtin with type 'void *(unsigned long)'
1 warning generated.
configure:4775: $? = 0
configure:4775: result: yes
configure:4775: checking for gettimeofday
configure:4775: gcc -o conftest -g -O2   conftest.c  >&5
configure:4775: $? = 0
configure:4775: result: yes
configure:4775: checking for inet_ntoa
configure:4775: gcc -o conftest -g -O2   conftest.c  >&5
configure:4775: $? = 0
configure:4775: result: yes
configure:4775: checking for memmove
configure:4775: gcc -o conftest -g -O2   conftest.c  >&5
conftest.c:57:6: warning: incompatible redeclaration of library function 'memmove' [-Wincompatible-library-redeclaration]
char memmove ();
     ^
conftest.c:57:6: note: 'memmove' is a builtin with type 'void *(void *, const void *, unsigned long)'
1 warning generated.
configure:4775: $? = 0
configure:4775: result: yes
configure:4775: checking for strerror
configure:4775: gcc -o conftest -g -O2   conftest.c  >&5
conftest.c:58:6: warning: incompatible redeclaration of library function 'strerror' [-Wincompatible-library-redeclaration]
char strerror ();
     ^
conftest.c:58:6: note: 'strerror' is a builtin with type 'char *(int)'
1 warning generated.
configure:4775: $? = 0
configure:4775: result: yes
configure:4790: checking for getcwd
configure:4790: gcc -o conftest -g -O2   conftest.c  >&5
configure:4790: $? = 0
configure:4790: result: yes
configure:4802: checking for prctl
configure:4821: gcc -c -g -O2  conftest.c >&5
conftest.c:39:10: fatal error: 'sys/prctl.h' file not found
#include <sys/prctl.h>
         ^
1 error generated.
configure:4821: $? = 1
configure: failed program was:
| /* confdefs.h */
| #define PACKAGE_NAME "Yate"
| #define PACKAGE_TARNAME "yate"
| #define PACKAGE_VERSION "5.5.1"
| #define PACKAGE_STRING "Yate 5.5.1"
| #define PACKAGE_BUGREPORT ""
| #define PACKAGE_URL ""
| #define STDC_HEADERS 1
| #define HAVE_SYS_TYPES_H 1
| #define HAVE_SYS_STAT_H 1
| #define HAVE_STDLIB_H 1
| #define HAVE_STRING_H 1
| #define HAVE_MEMORY_H 1
| #define HAVE_STRINGS_H 1
| #define HAVE_INTTYPES_H 1
| #define HAVE_STDINT_H 1
| #define HAVE_UNISTD_H 1
| #define HAVE_DIRENT_H 1
| #define STDC_HEADERS 1
| #define HAVE_FCNTL_H 1
| #define HAVE_SEMAPHORE_H 1
| #define HAVE_ARPA_INET_H 1
| #define HAVE_NETDB_H 1
| #define HAVE_NETINET_IN_H 1
| #define HAVE_SYS_IOCTL_H 1
| #define HAVE_SYS_SOCKET_H 1
| #define HAVE_SYS_TIME_H 1
| #define TIME_WITH_SYS_TIME 1
| #define RETSIGTYPE void
| #define HAVE_MALLOC 1
| #define HAVE_GETTIMEOFDAY 1
| #define HAVE_INET_NTOA 1
| #define HAVE_MEMMOVE 1
| #define HAVE_STRERROR 1
| #define HAVE_GETCWD 1
| /* end confdefs.h.  */
| 
| #include <unistd.h>
| #include <sys/prctl.h>
| 
| int
| main ()
| {
| 
| prctl(1,2,3,4,5);
| 
|   ;
|   return 0;
| }
configure:4825: result: no
configure:4833: checking for sockaddr.sa_len presence
configure:4851: gcc -c -g -O2  conftest.c >&5
configure:4851: $? = 0
configure:4862: result: yes
configure:4866: checking for tm.tm_gmtoff presence
configure:4885: gcc -c -g -O2  conftest.c >&5
configure:4885: $? = 0
configure:4889: result: yes
configure:4897: checking for integer timezone variable
configure:4915: gcc -c -g -O2  conftest.c >&5
configure:4915: $? = 0
configure:4919: result: yes
configure:4935: checking for poll
configure:4952: gcc -c -g -O2  conftest.c >&5
configure:4952: $? = 0
configure:4956: result: yes
configure:5050: checking for pthread_mutexattr_settype in -lpthread
configure:5075: gcc -o conftest -g -O2   conftest.c -lpthread   >&5
configure:5075: $? = 0
configure:5084: result: yes
configure:5141: checking for dlopen in default libs
configure:5161: gcc -o conftest -g -O2   conftest.c  >&5
configure:5161: $? = 0
configure:5174: result: yes
configure:5243: checking for pthread_mutexattr_settype declaration
configure:5262: gcc -c -g -O2 -Wall -Werror  conftest.c >&5
conftest.c:46:33: error: use of undeclared identifier 'PTHREAD_MUTEX_RECURSIVE_NP'
pthread_mutexattr_settype(&attr,PTHREAD_MUTEX_RECURSIVE_NP);
                                ^
1 error generated.
configure:5262: $? = 1
configure: failed program was:
| /* confdefs.h */
| #define PACKAGE_NAME "Yate"
| #define PACKAGE_TARNAME "yate"
| #define PACKAGE_VERSION "5.5.1"
| #define PACKAGE_STRING "Yate 5.5.1"
| #define PACKAGE_BUGREPORT ""
| #define PACKAGE_URL ""
| #define STDC_HEADERS 1
| #define HAVE_SYS_TYPES_H 1
| #define HAVE_SYS_STAT_H 1
| #define HAVE_STDLIB_H 1
| #define HAVE_STRING_H 1
| #define HAVE_MEMORY_H 1
| #define HAVE_STRINGS_H 1
| #define HAVE_INTTYPES_H 1
| #define HAVE_STDINT_H 1
| #define HAVE_UNISTD_H 1
| #define HAVE_DIRENT_H 1
| #define STDC_HEADERS 1
| #define HAVE_FCNTL_H 1
| #define HAVE_SEMAPHORE_H 1
| #define HAVE_ARPA_INET_H 1
| #define HAVE_NETDB_H 1
| #define HAVE_NETINET_IN_H 1
| #define HAVE_SYS_IOCTL_H 1
| #define HAVE_SYS_SOCKET_H 1
| #define HAVE_SYS_TIME_H 1
| #define TIME_WITH_SYS_TIME 1
| #define RETSIGTYPE void
| #define HAVE_MALLOC 1
| #define HAVE_GETTIMEOFDAY 1
| #define HAVE_INET_NTOA 1
| #define HAVE_MEMMOVE 1
| #define HAVE_STRERROR 1
| #define HAVE_GETCWD 1
| /* end confdefs.h.  */
| 
| #include <unistd.h>
| #include <pthread.h>
| 
| int
| main ()
| {
| 
| pthread_mutexattr_t attr;
| pthread_mutexattr_settype(&attr,PTHREAD_MUTEX_RECURSIVE_NP);
| 
|   ;
|   return 0;
| }
configure:5272: result: no
configure:5275: checking for pthread_mutex_timedlock
configure:5296: gcc -o conftest -g -O2 -Wall -Werror   conftest.c  -lpthread >&5
conftest.c:48:1: error: implicit declaration of function 'pthread_mutex_timedlock' is invalid in C99 [-Werror,-Wimplicit-function-declaration]
pthread_mutex_timedlock(&mutex,&tout);
^
conftest.c:48:1: note: did you mean 'pthread_mutex_trylock'?
/usr/include/pthread.h:363:5: note: 'pthread_mutex_trylock' declared here
int pthread_mutex_trylock(pthread_mutex_t *);
    ^
1 error generated.
configure:5296: $? = 1
configure: failed program was:
| /* confdefs.h */
| #define PACKAGE_NAME "Yate"
| #define PACKAGE_TARNAME "yate"
| #define PACKAGE_VERSION "5.5.1"
| #define PACKAGE_STRING "Yate 5.5.1"
| #define PACKAGE_BUGREPORT ""
| #define PACKAGE_URL ""
| #define STDC_HEADERS 1
| #define HAVE_SYS_TYPES_H 1
| #define HAVE_SYS_STAT_H 1
| #define HAVE_STDLIB_H 1
| #define HAVE_STRING_H 1
| #define HAVE_MEMORY_H 1
| #define HAVE_STRINGS_H 1
| #define HAVE_INTTYPES_H 1
| #define HAVE_STDINT_H 1
| #define HAVE_UNISTD_H 1
| #define HAVE_DIRENT_H 1
| #define STDC_HEADERS 1
| #define HAVE_FCNTL_H 1
| #define HAVE_SEMAPHORE_H 1
| #define HAVE_ARPA_INET_H 1
| #define HAVE_NETDB_H 1
| #define HAVE_NETINET_IN_H 1
| #define HAVE_SYS_IOCTL_H 1
| #define HAVE_SYS_SOCKET_H 1
| #define HAVE_SYS_TIME_H 1
| #define TIME_WITH_SYS_TIME 1
| #define RETSIGTYPE void
| #define HAVE_MALLOC 1
| #define HAVE_GETTIMEOFDAY 1
| #define HAVE_INET_NTOA 1
| #define HAVE_MEMMOVE 1
| #define HAVE_STRERROR 1
| #define HAVE_GETCWD 1
| /* end confdefs.h.  */
| 
| #include <unistd.h>
| #include <pthread.h>
| #include <time.h>
| 
| int
| main ()
| {
| 
| pthread_mutex_t mutex;
| struct timespec tout;
| pthread_mutex_timedlock(&mutex,&tout);
| 
|   ;
|   return 0;
| }
configure:5307: result: no
configure:5310: checking for sem_timedwait
configure:5330: gcc -o conftest -g -O2 -Wall -Werror   conftest.c  -lpthread >&5
conftest.c:47:1: error: implicit declaration of function 'sem_timedwait' is invalid in C99 [-Werror,-Wimplicit-function-declaration]
sem_timedwait(&sem,&tout);
^
conftest.c:47:1: note: did you mean 'sem_trywait'?
/usr/include/sys/semaphore.h:58:5: note: 'sem_trywait' declared here
int sem_trywait(sem_t *);
    ^
1 error generated.
configure:5330: $? = 1
configure: failed program was:
| /* confdefs.h */
| #define PACKAGE_NAME "Yate"
| #define PACKAGE_TARNAME "yate"
| #define PACKAGE_VERSION "5.5.1"
| #define PACKAGE_STRING "Yate 5.5.1"
| #define PACKAGE_BUGREPORT ""
| #define PACKAGE_URL ""
| #define STDC_HEADERS 1
| #define HAVE_SYS_TYPES_H 1
| #define HAVE_SYS_STAT_H 1
| #define HAVE_STDLIB_H 1
| #define HAVE_STRING_H 1
| #define HAVE_MEMORY_H 1
| #define HAVE_STRINGS_H 1
| #define HAVE_INTTYPES_H 1
| #define HAVE_STDINT_H 1
| #define HAVE_UNISTD_H 1
| #define HAVE_DIRENT_H 1
| #define STDC_HEADERS 1
| #define HAVE_FCNTL_H 1
| #define HAVE_SEMAPHORE_H 1
| #define HAVE_ARPA_INET_H 1
| #define HAVE_NETDB_H 1
| #define HAVE_NETINET_IN_H 1
| #define HAVE_SYS_IOCTL_H 1
| #define HAVE_SYS_SOCKET_H 1
| #define HAVE_SYS_TIME_H 1
| #define TIME_WITH_SYS_TIME 1
| #define RETSIGTYPE void
| #define HAVE_MALLOC 1
| #define HAVE_GETTIMEOFDAY 1
| #define HAVE_INET_NTOA 1
| #define HAVE_MEMMOVE 1
| #define HAVE_STRERROR 1
| #define HAVE_GETCWD 1
| /* end confdefs.h.  */
| 
| #include <semaphore.h>
| #include <time.h>
| 
| int
| main ()
| {
| 
| sem_t sem;
| struct timespec tout;
| sem_timedwait(&sem,&tout);
| 
|   ;
|   return 0;
| }
configure:5341: result: no
configure:5355: checking for inet_ntop
configure:5355: gcc -o conftest -g -O2   conftest.c  >&5
configure:5355: $? = 0
configure:5355: result: yes
configure:5360: checking for inet_pton
configure:5360: gcc -o conftest -g -O2   conftest.c  >&5
configure:5360: $? = 0
configure:5360: result: yes
configure:5365: checking for gethostbyname_r
configure:5365: gcc -o conftest -g -O2   conftest.c  >&5
Undefined symbols for architecture x86_64:
  "_gethostbyname_r", referenced from:
      _main in conftest-c1757b.o
ld: symbol(s) not found for architecture x86_64
clang: error: linker command failed with exit code 1 (use -v to see invocation)
configure:5365: $? = 1
configure: failed program was:
| /* confdefs.h */
| #define PACKAGE_NAME "Yate"
| #define PACKAGE_TARNAME "yate"
| #define PACKAGE_VERSION "5.5.1"
| #define PACKAGE_STRING "Yate 5.5.1"
| #define PACKAGE_BUGREPORT ""
| #define PACKAGE_URL ""
| #define STDC_HEADERS 1
| #define HAVE_SYS_TYPES_H 1
| #define HAVE_SYS_STAT_H 1
| #define HAVE_STDLIB_H 1
| #define HAVE_STRING_H 1
| #define HAVE_MEMORY_H 1
| #define HAVE_STRINGS_H 1
| #define HAVE_INTTYPES_H 1
| #define HAVE_STDINT_H 1
| #define HAVE_UNISTD_H 1
| #define HAVE_DIRENT_H 1
| #define STDC_HEADERS 1
| #define HAVE_FCNTL_H 1
| #define HAVE_SEMAPHORE_H 1
| #define HAVE_ARPA_INET_H 1
| #define HAVE_NETDB_H 1
| #define HAVE_NETINET_IN_H 1
| #define HAVE_SYS_IOCTL_H 1
| #define HAVE_SYS_SOCKET_H 1
| #define HAVE_SYS_TIME_H 1
| #define TIME_WITH_SYS_TIME 1
| #define RETSIGTYPE void
| #define HAVE_MALLOC 1
| #define HAVE_GETTIMEOFDAY 1
| #define HAVE_INET_NTOA 1
| #define HAVE_MEMMOVE 1
| #define HAVE_STRERROR 1
| #define HAVE_GETCWD 1
| /* end confdefs.h.  */
| /* Define gethostbyname_r to an innocuous variant, in case <limits.h> declares gethostbyname_r.
|    For example, HP-UX 11i <limits.h> declares gettimeofday.  */
| #define gethostbyname_r innocuous_gethostbyname_r
| 
| /* System header to define __stub macros and hopefully few prototypes,
|     which can conflict with char gethostbyname_r (); below.
|     Prefer <limits.h> to <assert.h> if __STDC__ is defined, since
|     <limits.h> exists even on freestanding compilers.  */
| 
| #ifdef __STDC__
| # include <limits.h>
| #else
| # include <assert.h>
| #endif
| 
| #undef gethostbyname_r
| 
| /* Override any GCC internal prototype to avoid an error.
|    Use char because int might match the return type of a GCC
|    builtin and then its argument prototype would still apply.  */
| #ifdef __cplusplus
| extern "C"
| #endif
| char gethostbyname_r ();
| /* The GNU C library defines this for functions which it implements
|     to always fail with ENOSYS.  Some functions are actually named
|     something starting with __ and the normal name is an alias.  */
| #if defined __stub_gethostbyname_r || defined __stub___gethostbyname_r
| choke me
| #endif
| 
| int
| main ()
| {
| return gethostbyname_r ();
|   ;
|   return 0;
| }
configure:5365: result: no
configure:5370: checking for gethostbyname2_r
configure:5370: gcc -o conftest -g -O2   conftest.c  >&5
Undefined symbols for architecture x86_64:
  "_gethostbyname2_r", referenced from:
      _main in conftest-415301.o
ld: symbol(s) not found for architecture x86_64
clang: error: linker command failed with exit code 1 (use -v to see invocation)
configure:5370: $? = 1
configure: failed program was:
| /* confdefs.h */
| #define PACKAGE_NAME "Yate"
| #define PACKAGE_TARNAME "yate"
| #define PACKAGE_VERSION "5.5.1"
| #define PACKAGE_STRING "Yate 5.5.1"
| #define PACKAGE_BUGREPORT ""
| #define PACKAGE_URL ""
| #define STDC_HEADERS 1
| #define HAVE_SYS_TYPES_H 1
| #define HAVE_SYS_STAT_H 1
| #define HAVE_STDLIB_H 1
| #define HAVE_STRING_H 1
| #define HAVE_MEMORY_H 1
| #define HAVE_STRINGS_H 1
| #define HAVE_INTTYPES_H 1
| #define HAVE_STDINT_H 1
| #define HAVE_UNISTD_H 1
| #define HAVE_DIRENT_H 1
| #define STDC_HEADERS 1
| #define HAVE_FCNTL_H 1
| #define HAVE_SEMAPHORE_H 1
| #define HAVE_ARPA_INET_H 1
| #define HAVE_NETDB_H 1
| #define HAVE_NETINET_IN_H 1
| #define HAVE_SYS_IOCTL_H 1
| #define HAVE_SYS_SOCKET_H 1
| #define HAVE_SYS_TIME_H 1
| #define TIME_WITH_SYS_TIME 1
| #define RETSIGTYPE void
| #define HAVE_MALLOC 1
| #define HAVE_GETTIMEOFDAY 1
| #define HAVE_INET_NTOA 1
| #define HAVE_MEMMOVE 1
| #define HAVE_STRERROR 1
| #define HAVE_GETCWD 1
| /* end confdefs.h.  */
| /* Define gethostbyname2_r to an innocuous variant, in case <limits.h> declares gethostbyname2_r.
|    For example, HP-UX 11i <limits.h> declares gettimeofday.  */
| #define gethostbyname2_r innocuous_gethostbyname2_r
| 
| /* System header to define __stub macros and hopefully few prototypes,
|     which can conflict with char gethostbyname2_r (); below.
|     Prefer <limits.h> to <assert.h> if __STDC__ is defined, since
|     <limits.h> exists even on freestanding compilers.  */
| 
| #ifdef __STDC__
| # include <limits.h>
| #else
| # include <assert.h>
| #endif
| 
| #undef gethostbyname2_r
| 
| /* Override any GCC internal prototype to avoid an error.
|    Use char because int might match the return type of a GCC
|    builtin and then its argument prototype would still apply.  */
| #ifdef __cplusplus
| extern "C"
| #endif
| char gethostbyname2_r ();
| /* The GNU C library defines this for functions which it implements
|     to always fail with ENOSYS.  Some functions are actually named
|     something starting with __ and the normal name is an alias.  */
| #if defined __stub_gethostbyname2_r || defined __stub___gethostbyname2_r
| choke me
| #endif
| 
| int
| main ()
| {
| return gethostbyname2_r ();
|   ;
|   return 0;
| }
configure:5370: result: no
configure:5375: checking for gethostbyname2
configure:5375: gcc -o conftest -g -O2   conftest.c  >&5
configure:5375: $? = 0
configure:5375: result: yes
configure:5383: checking for pthread_kill_other_threads_np declaration
configure:5410: gcc -c -g -O2 -Wall -Werror  conftest.c >&5
conftest.c:45:1: error: implicit declaration of function 'pthread_kill_other_threads_np' is invalid in C99 [-Werror,-Wimplicit-function-declaration]
pthread_kill_other_threads_np();
^
1 error generated.
configure:5410: $? = 1
configure: failed program was:
| /* confdefs.h */
| #define PACKAGE_NAME "Yate"
| #define PACKAGE_TARNAME "yate"
| #define PACKAGE_VERSION "5.5.1"
| #define PACKAGE_STRING "Yate 5.5.1"
| #define PACKAGE_BUGREPORT ""
| #define PACKAGE_URL ""
| #define STDC_HEADERS 1
| #define HAVE_SYS_TYPES_H 1
| #define HAVE_SYS_STAT_H 1
| #define HAVE_STDLIB_H 1
| #define HAVE_STRING_H 1
| #define HAVE_MEMORY_H 1
| #define HAVE_STRINGS_H 1
| #define HAVE_INTTYPES_H 1
| #define HAVE_STDINT_H 1
| #define HAVE_UNISTD_H 1
| #define HAVE_DIRENT_H 1
| #define STDC_HEADERS 1
| #define HAVE_FCNTL_H 1
| #define HAVE_SEMAPHORE_H 1
| #define HAVE_ARPA_INET_H 1
| #define HAVE_NETDB_H 1
| #define HAVE_NETINET_IN_H 1
| #define HAVE_SYS_IOCTL_H 1
| #define HAVE_SYS_SOCKET_H 1
| #define HAVE_SYS_TIME_H 1
| #define TIME_WITH_SYS_TIME 1
| #define RETSIGTYPE void
| #define HAVE_MALLOC 1
| #define HAVE_GETTIMEOFDAY 1
| #define HAVE_INET_NTOA 1
| #define HAVE_MEMMOVE 1
| #define HAVE_STRERROR 1
| #define HAVE_GETCWD 1
| /* end confdefs.h.  */
| 
| #include <unistd.h>
| #include <pthread.h>
| 
| int
| main ()
| {
| 
| pthread_kill_other_threads_np();
| 
|   ;
|   return 0;
| }
configure:5427: result: no
configure:5440: checking whether to use inline functions
configure:5455: result: auto
configure:5469: checking whether to use atomic integer operations
configure:5495: gcc -o conftest -g -O2 -Wall -Werror   conftest.c  >&5
configure:5495: $? = 0
configure:5510: result: yes
configure:5525: checking whether to use sse2 operations
configure:5572: result: no
configure:5611: gcc -c -g -O2  conftest.c >&5
conftest.c:37:10: fatal error: 'features.h' file not found
#include <features.h>
         ^
1 error generated.
configure:5611: $? = 1
configure: failed program was:
| /* confdefs.h */
| #define PACKAGE_NAME "Yate"
| #define PACKAGE_TARNAME "yate"
| #define PACKAGE_VERSION "5.5.1"
| #define PACKAGE_STRING "Yate 5.5.1"
| #define PACKAGE_BUGREPORT ""
| #define PACKAGE_URL ""
| #define STDC_HEADERS 1
| #define HAVE_SYS_TYPES_H 1
| #define HAVE_SYS_STAT_H 1
| #define HAVE_STDLIB_H 1
| #define HAVE_STRING_H 1
| #define HAVE_MEMORY_H 1
| #define HAVE_STRINGS_H 1
| #define HAVE_INTTYPES_H 1
| #define HAVE_STDINT_H 1
| #define HAVE_UNISTD_H 1
| #define HAVE_DIRENT_H 1
| #define STDC_HEADERS 1
| #define HAVE_FCNTL_H 1
| #define HAVE_SEMAPHORE_H 1
| #define HAVE_ARPA_INET_H 1
| #define HAVE_NETDB_H 1
| #define HAVE_NETINET_IN_H 1
| #define HAVE_SYS_IOCTL_H 1
| #define HAVE_SYS_SOCKET_H 1
| #define HAVE_SYS_TIME_H 1
| #define TIME_WITH_SYS_TIME 1
| #define RETSIGTYPE void
| #define HAVE_MALLOC 1
| #define HAVE_GETTIMEOFDAY 1
| #define HAVE_INET_NTOA 1
| #define HAVE_MEMMOVE 1
| #define HAVE_STRERROR 1
| #define HAVE_GETCWD 1
| /* end confdefs.h.  */
| #include <features.h>
| #if (__GLIBC__ > 2) || (__GLIBC__ == 2 && __GLIBC_MINOR__ >= 2)
| #include <bits/types.h>
| #else
| #error FD_SETSIZE cannot be set
| #endif
| int
| main ()
| {
| if (__FD_SETSIZE>10) return 0;
|   ;
|   return 0;
| }
configure:5831: checking for resolver library
configure:5856: gcc -o conftest -g -O2 -Wall -Werror    conftest.c  >&5
Undefined symbols for architecture x86_64:
  "_res_9_init", referenced from:
      _main in conftest-17b965.o
ld: symbol(s) not found for architecture x86_64
clang: error: linker command failed with exit code 1 (use -v to see invocation)
configure:5856: $? = 1
configure: failed program was:
| /* confdefs.h */
| #define PACKAGE_NAME "Yate"
| #define PACKAGE_TARNAME "yate"
| #define PACKAGE_VERSION "5.5.1"
| #define PACKAGE_STRING "Yate 5.5.1"
| #define PACKAGE_BUGREPORT ""
| #define PACKAGE_URL ""
| #define STDC_HEADERS 1
| #define HAVE_SYS_TYPES_H 1
| #define HAVE_SYS_STAT_H 1
| #define HAVE_STDLIB_H 1
| #define HAVE_STRING_H 1
| #define HAVE_MEMORY_H 1
| #define HAVE_STRINGS_H 1
| #define HAVE_INTTYPES_H 1
| #define HAVE_STDINT_H 1
| #define HAVE_UNISTD_H 1
| #define HAVE_DIRENT_H 1
| #define STDC_HEADERS 1
| #define HAVE_FCNTL_H 1
| #define HAVE_SEMAPHORE_H 1
| #define HAVE_ARPA_INET_H 1
| #define HAVE_NETDB_H 1
| #define HAVE_NETINET_IN_H 1
| #define HAVE_SYS_IOCTL_H 1
| #define HAVE_SYS_SOCKET_H 1
| #define HAVE_SYS_TIME_H 1
| #define TIME_WITH_SYS_TIME 1
| #define RETSIGTYPE void
| #define HAVE_MALLOC 1
| #define HAVE_GETTIMEOFDAY 1
| #define HAVE_INET_NTOA 1
| #define HAVE_MEMMOVE 1
| #define HAVE_STRERROR 1
| #define HAVE_GETCWD 1
| /* end confdefs.h.  */
| #include <netinet/in.h>
| #include <arpa/nameser.h>
| #include <resolv.h>
| int
| main ()
| {
| res_init();
|   ;
|   return 0;
| }
configure:5876: gcc -o conftest -g -O2 -Wall -Werror    conftest.c  -lresolv >&5
configure:5876: $? = 0
configure:5912: result: yes -lresolv
configure:5917: checking for dn_skipname
configure:5943: gcc -o conftest -g -O2 -Wall -Werror    conftest.c  -lresolv >&5
configure:5943: $? = 0
configure:5956: result: yes
configure:5972: checking whether to use the internal regexp library
configure:5989: result: yes
configure:6015: checking for Mac OS X Objective-C support
configure:6030: gcc -c -g -O2  -x objective-c++ conftest.c >&5
configure:6030: $? = 0
configure:6037: result: yes
configure:6058: checking for Postgress SQL in /usr
configure:6109: result: no
configure:6130: checking for MySQL using mysql_config
configure:6162: result: yes 5.6.24
configure:6167: checking whether MYSQL_OPT_RECONNECT is declared
configure:6167: gcc -c -g -O2  -I/usr/local/Cellar/mysql/5.6.24/include/mysql conftest.c >&5
configure:6167: $? = 0
configure:6167: result: yes
configure:6182: checking whether MYSQL_OPT_READ_TIMEOUT is declared
configure:6182: gcc -c -g -O2  -I/usr/local/Cellar/mysql/5.6.24/include/mysql conftest.c >&5
configure:6182: $? = 0
configure:6182: result: yes
configure:6197: checking whether MYSQL_OPT_WRITE_TIMEOUT is declared
configure:6197: gcc -c -g -O2  -I/usr/local/Cellar/mysql/5.6.24/include/mysql conftest.c >&5
configure:6197: $? = 0
configure:6197: result: yes
configure:6212: checking whether mysql_set_character_set is declared
configure:6212: gcc -c -g -O2  -I/usr/local/Cellar/mysql/5.6.24/include/mysql conftest.c >&5
configure:6212: $? = 0
configure:6212: result: yes
configure:6248: checking for SQLite using pkg-config
configure:6267: result: yes
configure:6285: checking for Dahdi generic headers
configure:6300: gcc -c -g -O2  conftest.c >&5
conftest.c:42:10: fatal error: 'dahdi/user.h' file not found
#include <dahdi/user.h>
         ^
1 error generated.
configure:6300: $? = 1
configure: failed program was:
| /* confdefs.h */
| #define PACKAGE_NAME "Yate"
| #define PACKAGE_TARNAME "yate"
| #define PACKAGE_VERSION "5.5.1"
| #define PACKAGE_STRING "Yate 5.5.1"
| #define PACKAGE_BUGREPORT ""
| #define PACKAGE_URL ""
| #define STDC_HEADERS 1
| #define HAVE_SYS_TYPES_H 1
| #define HAVE_SYS_STAT_H 1
| #define HAVE_STDLIB_H 1
| #define HAVE_STRING_H 1
| #define HAVE_MEMORY_H 1
| #define HAVE_STRINGS_H 1
| #define HAVE_INTTYPES_H 1
| #define HAVE_STDINT_H 1
| #define HAVE_UNISTD_H 1
| #define HAVE_DIRENT_H 1
| #define STDC_HEADERS 1
| #define HAVE_FCNTL_H 1
| #define HAVE_SEMAPHORE_H 1
| #define HAVE_ARPA_INET_H 1
| #define HAVE_NETDB_H 1
| #define HAVE_NETINET_IN_H 1
| #define HAVE_SYS_IOCTL_H 1
| #define HAVE_SYS_SOCKET_H 1
| #define HAVE_SYS_TIME_H 1
| #define TIME_WITH_SYS_TIME 1
| #define RETSIGTYPE void
| #define HAVE_MALLOC 1
| #define HAVE_GETTIMEOFDAY 1
| #define HAVE_INET_NTOA 1
| #define HAVE_MEMMOVE 1
| #define HAVE_STRERROR 1
| #define HAVE_GETCWD 1
| #define HAVE_DECL_MYSQL_OPT_RECONNECT 1
| #define HAVE_DECL_MYSQL_OPT_READ_TIMEOUT 1
| #define HAVE_DECL_MYSQL_OPT_WRITE_TIMEOUT 1
| #define HAVE_DECL_MYSQL_SET_CHARACTER_SET 1
| /* end confdefs.h.  */
| 
| #include <dahdi/user.h>
| 
| int
| main ()
| {
| 
|   ;
|   return 0;
| }
configure:6305: result: no
configure:6316: checking for Zaptel generic headers
configure:6332: gcc -c -g -O2  conftest.c >&5
conftest.c:42:10: fatal error: 'zaptel/zaptel.h' file not found
#include <zaptel/zaptel.h>
         ^
1 error generated.
configure:6332: $? = 1
configure: failed program was:
| /* confdefs.h */
| #define PACKAGE_NAME "Yate"
| #define PACKAGE_TARNAME "yate"
| #define PACKAGE_VERSION "5.5.1"
| #define PACKAGE_STRING "Yate 5.5.1"
| #define PACKAGE_BUGREPORT ""
| #define PACKAGE_URL ""
| #define STDC_HEADERS 1
| #define HAVE_SYS_TYPES_H 1
| #define HAVE_SYS_STAT_H 1
| #define HAVE_STDLIB_H 1
| #define HAVE_STRING_H 1
| #define HAVE_MEMORY_H 1
| #define HAVE_STRINGS_H 1
| #define HAVE_INTTYPES_H 1
| #define HAVE_STDINT_H 1
| #define HAVE_UNISTD_H 1
| #define HAVE_DIRENT_H 1
| #define STDC_HEADERS 1
| #define HAVE_FCNTL_H 1
| #define HAVE_SEMAPHORE_H 1
| #define HAVE_ARPA_INET_H 1
| #define HAVE_NETDB_H 1
| #define HAVE_NETINET_IN_H 1
| #define HAVE_SYS_IOCTL_H 1
| #define HAVE_SYS_SOCKET_H 1
| #define HAVE_SYS_TIME_H 1
| #define TIME_WITH_SYS_TIME 1
| #define RETSIGTYPE void
| #define HAVE_MALLOC 1
| #define HAVE_GETTIMEOFDAY 1
| #define HAVE_INET_NTOA 1
| #define HAVE_MEMMOVE 1
| #define HAVE_STRERROR 1
| #define HAVE_GETCWD 1
| #define HAVE_DECL_MYSQL_OPT_RECONNECT 1
| #define HAVE_DECL_MYSQL_OPT_READ_TIMEOUT 1
| #define HAVE_DECL_MYSQL_OPT_WRITE_TIMEOUT 1
| #define HAVE_DECL_MYSQL_SET_CHARACTER_SET 1
| /* end confdefs.h.  */
| 
| #include <zaptel/zaptel.h>
| #include <sys/ioctl.h>
| 
| int
| main ()
| {
| ioctl(0,ZT_GETVERSION,(void*)0)
|   ;
|   return 0;
| }
configure:6338: result: no
configure:6341: checking for Zaptel linux headers
configure:6357: gcc -c -g -O2  conftest.c >&5
conftest.c:42:10: fatal error: 'linux/zaptel.h' file not found
#include <linux/zaptel.h>
         ^
1 error generated.
configure:6357: $? = 1
configure: failed program was:
| /* confdefs.h */
| #define PACKAGE_NAME "Yate"
| #define PACKAGE_TARNAME "yate"
| #define PACKAGE_VERSION "5.5.1"
| #define PACKAGE_STRING "Yate 5.5.1"
| #define PACKAGE_BUGREPORT ""
| #define PACKAGE_URL ""
| #define STDC_HEADERS 1
| #define HAVE_SYS_TYPES_H 1
| #define HAVE_SYS_STAT_H 1
| #define HAVE_STDLIB_H 1
| #define HAVE_STRING_H 1
| #define HAVE_MEMORY_H 1
| #define HAVE_STRINGS_H 1
| #define HAVE_INTTYPES_H 1
| #define HAVE_STDINT_H 1
| #define HAVE_UNISTD_H 1
| #define HAVE_DIRENT_H 1
| #define STDC_HEADERS 1
| #define HAVE_FCNTL_H 1
| #define HAVE_SEMAPHORE_H 1
| #define HAVE_ARPA_INET_H 1
| #define HAVE_NETDB_H 1
| #define HAVE_NETINET_IN_H 1
| #define HAVE_SYS_IOCTL_H 1
| #define HAVE_SYS_SOCKET_H 1
| #define HAVE_SYS_TIME_H 1
| #define TIME_WITH_SYS_TIME 1
| #define RETSIGTYPE void
| #define HAVE_MALLOC 1
| #define HAVE_GETTIMEOFDAY 1
| #define HAVE_INET_NTOA 1
| #define HAVE_MEMMOVE 1
| #define HAVE_STRERROR 1
| #define HAVE_GETCWD 1
| #define HAVE_DECL_MYSQL_OPT_RECONNECT 1
| #define HAVE_DECL_MYSQL_OPT_READ_TIMEOUT 1
| #define HAVE_DECL_MYSQL_OPT_WRITE_TIMEOUT 1
| #define HAVE_DECL_MYSQL_SET_CHARACTER_SET 1
| /* end confdefs.h.  */
| 
| #include <linux/zaptel.h>
| #include <sys/ioctl.h>
| 
| int
| main ()
| {
| ioctl(0,ZT_GETVERSION,(void*)0)
|   ;
|   return 0;
| }
configure:6363: result: no
configure:6399: checking for Wanpipe new generic headers
configure:6425: gcc -c -g -O2 -I/usr/include/wanpipe  conftest.c >&5
conftest.c:47:10: fatal error: 'if_wanpipe.h' file not found
#include <if_wanpipe.h>
         ^
1 error generated.
configure:6425: $? = 1
configure: failed program was:
| /* confdefs.h */
| #define PACKAGE_NAME "Yate"
| #define PACKAGE_TARNAME "yate"
| #define PACKAGE_VERSION "5.5.1"
| #define PACKAGE_STRING "Yate 5.5.1"
| #define PACKAGE_BUGREPORT ""
| #define PACKAGE_URL ""
| #define STDC_HEADERS 1
| #define HAVE_SYS_TYPES_H 1
| #define HAVE_SYS_STAT_H 1
| #define HAVE_STDLIB_H 1
| #define HAVE_STRING_H 1
| #define HAVE_MEMORY_H 1
| #define HAVE_STRINGS_H 1
| #define HAVE_INTTYPES_H 1
| #define HAVE_STDINT_H 1
| #define HAVE_UNISTD_H 1
| #define HAVE_DIRENT_H 1
| #define STDC_HEADERS 1
| #define HAVE_FCNTL_H 1
| #define HAVE_SEMAPHORE_H 1
| #define HAVE_ARPA_INET_H 1
| #define HAVE_NETDB_H 1
| #define HAVE_NETINET_IN_H 1
| #define HAVE_SYS_IOCTL_H 1
| #define HAVE_SYS_SOCKET_H 1
| #define HAVE_SYS_TIME_H 1
| #define TIME_WITH_SYS_TIME 1
| #define RETSIGTYPE void
| #define HAVE_MALLOC 1
| #define HAVE_GETTIMEOFDAY 1
| #define HAVE_INET_NTOA 1
| #define HAVE_MEMMOVE 1
| #define HAVE_STRERROR 1
| #define HAVE_GETCWD 1
| #define HAVE_DECL_MYSQL_OPT_RECONNECT 1
| #define HAVE_DECL_MYSQL_OPT_READ_TIMEOUT 1
| #define HAVE_DECL_MYSQL_OPT_WRITE_TIMEOUT 1
| #define HAVE_DECL_MYSQL_SET_CHARACTER_SET 1
| /* end confdefs.h.  */
| 
| #define __LINUX__
| #include <sys/types.h>
| #include <sys/ioctl.h>
| #include <sys/socket.h>
| #include <netinet/in.h>
| #include <if_wanpipe.h>
| #include <wanpipe_defines.h>
| #include <wanpipe_cfg.h>
| #include <wanpipe.h>
| #include <aft_core.h>
| 
| int
| main ()
| {
| 
|   ;
|   return 0;
| }
configure:6431: result: no
configure:6436: checking for Wanpipe old generic headers
configure:6462: gcc -c -g -O2 -I/usr/include/wanpipe  conftest.c >&5
conftest.c:47:10: fatal error: 'if_wanpipe.h' file not found
#include <if_wanpipe.h>
         ^
1 error generated.
configure:6462: $? = 1
configure: failed program was:
| /* confdefs.h */
| #define PACKAGE_NAME "Yate"
| #define PACKAGE_TARNAME "yate"
| #define PACKAGE_VERSION "5.5.1"
| #define PACKAGE_STRING "Yate 5.5.1"
| #define PACKAGE_BUGREPORT ""
| #define PACKAGE_URL ""
| #define STDC_HEADERS 1
| #define HAVE_SYS_TYPES_H 1
| #define HAVE_SYS_STAT_H 1
| #define HAVE_STDLIB_H 1
| #define HAVE_STRING_H 1
| #define HAVE_MEMORY_H 1
| #define HAVE_STRINGS_H 1
| #define HAVE_INTTYPES_H 1
| #define HAVE_STDINT_H 1
| #define HAVE_UNISTD_H 1
| #define HAVE_DIRENT_H 1
| #define STDC_HEADERS 1
| #define HAVE_FCNTL_H 1
| #define HAVE_SEMAPHORE_H 1
| #define HAVE_ARPA_INET_H 1
| #define HAVE_NETDB_H 1
| #define HAVE_NETINET_IN_H 1
| #define HAVE_SYS_IOCTL_H 1
| #define HAVE_SYS_SOCKET_H 1
| #define HAVE_SYS_TIME_H 1
| #define TIME_WITH_SYS_TIME 1
| #define RETSIGTYPE void
| #define HAVE_MALLOC 1
| #define HAVE_GETTIMEOFDAY 1
| #define HAVE_INET_NTOA 1
| #define HAVE_MEMMOVE 1
| #define HAVE_STRERROR 1
| #define HAVE_GETCWD 1
| #define HAVE_DECL_MYSQL_OPT_RECONNECT 1
| #define HAVE_DECL_MYSQL_OPT_READ_TIMEOUT 1
| #define HAVE_DECL_MYSQL_OPT_WRITE_TIMEOUT 1
| #define HAVE_DECL_MYSQL_SET_CHARACTER_SET 1
| /* end confdefs.h.  */
| 
| #define __LINUX__
| #include <sys/types.h>
| #include <sys/ioctl.h>
| #include <sys/socket.h>
| #include <netinet/in.h>
| #include <if_wanpipe.h>
| #include <wanpipe_defines.h>
| #include <wanpipe_cfg.h>
| #include <wanpipe.h>
| #include <sdla_aft_te1.h>
| 
| int
| main ()
| {
| 
|   ;
|   return 0;
| }
configure:6468: result: no
configure:6474: checking for Wanpipe linux headers
configure:6499: gcc -c -g -O2  conftest.c >&5
conftest.c:47:10: fatal error: 'linux/if_wanpipe.h' file not found
#include <linux/if_wanpipe.h>
         ^
1 error generated.
configure:6499: $? = 1
configure: failed program was:
| /* confdefs.h */
| #define PACKAGE_NAME "Yate"
| #define PACKAGE_TARNAME "yate"
| #define PACKAGE_VERSION "5.5.1"
| #define PACKAGE_STRING "Yate 5.5.1"
| #define PACKAGE_BUGREPORT ""
| #define PACKAGE_URL ""
| #define STDC_HEADERS 1
| #define HAVE_SYS_TYPES_H 1
| #define HAVE_SYS_STAT_H 1
| #define HAVE_STDLIB_H 1
| #define HAVE_STRING_H 1
| #define HAVE_MEMORY_H 1
| #define HAVE_STRINGS_H 1
| #define HAVE_INTTYPES_H 1
| #define HAVE_STDINT_H 1
| #define HAVE_UNISTD_H 1
| #define HAVE_DIRENT_H 1
| #define STDC_HEADERS 1
| #define HAVE_FCNTL_H 1
| #define HAVE_SEMAPHORE_H 1
| #define HAVE_ARPA_INET_H 1
| #define HAVE_NETDB_H 1
| #define HAVE_NETINET_IN_H 1
| #define HAVE_SYS_IOCTL_H 1
| #define HAVE_SYS_SOCKET_H 1
| #define HAVE_SYS_TIME_H 1
| #define TIME_WITH_SYS_TIME 1
| #define RETSIGTYPE void
| #define HAVE_MALLOC 1
| #define HAVE_GETTIMEOFDAY 1
| #define HAVE_INET_NTOA 1
| #define HAVE_MEMMOVE 1
| #define HAVE_STRERROR 1
| #define HAVE_GETCWD 1
| #define HAVE_DECL_MYSQL_OPT_RECONNECT 1
| #define HAVE_DECL_MYSQL_OPT_READ_TIMEOUT 1
| #define HAVE_DECL_MYSQL_OPT_WRITE_TIMEOUT 1
| #define HAVE_DECL_MYSQL_SET_CHARACTER_SET 1
| /* end confdefs.h.  */
| 
| #define __LINUX__
| #include <sys/types.h>
| #include <sys/ioctl.h>
| #include <sys/socket.h>
| #include <netinet/in.h>
| #include <linux/if_wanpipe.h>
| #include <linux/if.h>
| #include <linux/wanpipe_defines.h>
| #include <linux/wanpipe_cfg.h>
| #include <linux/wanpipe.h>
| #include <linux/sdla_aft_te1.h>
| 
| int
| main ()
| {
| 
|   ;
|   return 0;
| }
configure:6504: result: no
configure:6572: checking for sound card headers
configure:6598: gcc -c -g -O2  conftest.c >&5
conftest.c:52:10: fatal error: 'soundcard.h' file not found
#include <soundcard.h>
         ^
1 error generated.
configure:6598: $? = 1
configure: failed program was:
| /* confdefs.h */
| #define PACKAGE_NAME "Yate"
| #define PACKAGE_TARNAME "yate"
| #define PACKAGE_VERSION "5.5.1"
| #define PACKAGE_STRING "Yate 5.5.1"
| #define PACKAGE_BUGREPORT ""
| #define PACKAGE_URL ""
| #define STDC_HEADERS 1
| #define HAVE_SYS_TYPES_H 1
| #define HAVE_SYS_STAT_H 1
| #define HAVE_STDLIB_H 1
| #define HAVE_STRING_H 1
| #define HAVE_MEMORY_H 1
| #define HAVE_STRINGS_H 1
| #define HAVE_INTTYPES_H 1
| #define HAVE_STDINT_H 1
| #define HAVE_UNISTD_H 1
| #define HAVE_DIRENT_H 1
| #define STDC_HEADERS 1
| #define HAVE_FCNTL_H 1
| #define HAVE_SEMAPHORE_H 1
| #define HAVE_ARPA_INET_H 1
| #define HAVE_NETDB_H 1
| #define HAVE_NETINET_IN_H 1
| #define HAVE_SYS_IOCTL_H 1
| #define HAVE_SYS_SOCKET_H 1
| #define HAVE_SYS_TIME_H 1
| #define TIME_WITH_SYS_TIME 1
| #define RETSIGTYPE void
| #define HAVE_MALLOC 1
| #define HAVE_GETTIMEOFDAY 1
| #define HAVE_INET_NTOA 1
| #define HAVE_MEMMOVE 1
| #define HAVE_STRERROR 1
| #define HAVE_GETCWD 1
| #define HAVE_DECL_MYSQL_OPT_RECONNECT 1
| #define HAVE_DECL_MYSQL_OPT_READ_TIMEOUT 1
| #define HAVE_DECL_MYSQL_OPT_WRITE_TIMEOUT 1
| #define HAVE_DECL_MYSQL_SET_CHARACTER_SET 1
| /* end confdefs.h.  */
| 
| #include <sys/stat.h>
| #include <sys/ioctl.h>
| #include <string.h>
| #include <fcntl.h>
| 
| #if defined(__linux__)
| #include <linux/soundcard.h>
| #elif defined (__FreeBSD__)
| #include <sys/soundcard.h>
| #else
| #include <soundcard.h>
| #endif
| 
| int
| main ()
| {
| 
|   ;
|   return 0;
| }
configure:6603: result: no
configure:6608: checking for ALSA headers
configure:6632: gcc -c -g -O2  conftest.c >&5
conftest.c:47:10: fatal error: 'soundcard.h' file not found
#include <soundcard.h>
         ^
1 error generated.
configure:6632: $? = 1
configure: failed program was:
| /* confdefs.h */
| #define PACKAGE_NAME "Yate"
| #define PACKAGE_TARNAME "yate"
| #define PACKAGE_VERSION "5.5.1"
| #define PACKAGE_STRING "Yate 5.5.1"
| #define PACKAGE_BUGREPORT ""
| #define PACKAGE_URL ""
| #define STDC_HEADERS 1
| #define HAVE_SYS_TYPES_H 1
| #define HAVE_SYS_STAT_H 1
| #define HAVE_STDLIB_H 1
| #define HAVE_STRING_H 1
| #define HAVE_MEMORY_H 1
| #define HAVE_STRINGS_H 1
| #define HAVE_INTTYPES_H 1
| #define HAVE_STDINT_H 1
| #define HAVE_UNISTD_H 1
| #define HAVE_DIRENT_H 1
| #define STDC_HEADERS 1
| #define HAVE_FCNTL_H 1
| #define HAVE_SEMAPHORE_H 1
| #define HAVE_ARPA_INET_H 1
| #define HAVE_NETDB_H 1
| #define HAVE_NETINET_IN_H 1
| #define HAVE_SYS_IOCTL_H 1
| #define HAVE_SYS_SOCKET_H 1
| #define HAVE_SYS_TIME_H 1
| #define TIME_WITH_SYS_TIME 1
| #define RETSIGTYPE void
| #define HAVE_MALLOC 1
| #define HAVE_GETTIMEOFDAY 1
| #define HAVE_INET_NTOA 1
| #define HAVE_MEMMOVE 1
| #define HAVE_STRERROR 1
| #define HAVE_GETCWD 1
| #define HAVE_DECL_MYSQL_OPT_RECONNECT 1
| #define HAVE_DECL_MYSQL_OPT_READ_TIMEOUT 1
| #define HAVE_DECL_MYSQL_OPT_WRITE_TIMEOUT 1
| #define HAVE_DECL_MYSQL_SET_CHARACTER_SET 1
| /* end confdefs.h.  */
| 
| #if defined(__linux__)
| #include <linux/soundcard.h>
| #elif defined (__FreeBSD__)
| #include <sys/soundcard.h>
| #else
| #include <soundcard.h>
| #endif
| 
| #define ALSA_PCM_NEW_HW_PARAMS_API
| #include <alsa/asoundlib.h>
| 
| int
| main ()
| {
| 
|   ;
|   return 0;
| }
configure:6637: result: no
configure:6644: checking for Mac OS X audio headers
configure:6677: gcc -c -g -O2  conftest.c >&5
configure:6677: $? = 0
configure:6681: result: yes
configure:6708: checking for gsm.h in /usr/local/include/gsm
configure:6714: result: no
configure:6732: checking for iLBC reference in libs
configure:6741: result: yes
configure:6757: checking for iLBC miniwebrtc in libs
configure:6766: result: yes
configure:6782: checking for iSAC float in libs
configure:6791: result: yes
configure:6844: checking for speex.h in /usr/local/include/speex
configure:6875: result: no
configure:6899: checking for AMR-NB in /usr
configure:6909: result: no
configure:6939: checking for usable spandsp in /usr/local/include
configure:7085: result: no
configure:7111: checking for Pwlib in /usr/local
configure:7183: result: no  RTTI: none
configure:7262: checking for OpenSSL using pkg-config
configure:7280: result: 1.1.0-pre3-dev
configure:7318: checking for zlib in /usr
configure:7337: gcc -o conftest -g -O2 -I/usr/include   conftest.c  -lz >&5
configure:7337: $? = 0
configure:7351: result: yes
configure:7371: checking for libusb in /usr
configure:7420: result: no
configure:7458: checking for Qt4 >= 4.3.0 using pkg-config
configure:7487: result: 4.8.7
configure:7556: checking for mallinfo in malloc.h
configure:7574: gcc -c -g -O2  conftest.c >&5
conftest.c:42:10: fatal error: 'malloc.h' file not found
#include <malloc.h>
         ^
1 error generated.
configure:7574: $? = 1
configure: failed program was:
| /* confdefs.h */
| #define PACKAGE_NAME "Yate"
| #define PACKAGE_TARNAME "yate"
| #define PACKAGE_VERSION "5.5.1"
| #define PACKAGE_STRING "Yate 5.5.1"
| #define PACKAGE_BUGREPORT ""
| #define PACKAGE_URL ""
| #define STDC_HEADERS 1
| #define HAVE_SYS_TYPES_H 1
| #define HAVE_SYS_STAT_H 1
| #define HAVE_STDLIB_H 1
| #define HAVE_STRING_H 1
| #define HAVE_MEMORY_H 1
| #define HAVE_STRINGS_H 1
| #define HAVE_INTTYPES_H 1
| #define HAVE_STDINT_H 1
| #define HAVE_UNISTD_H 1
| #define HAVE_DIRENT_H 1
| #define STDC_HEADERS 1
| #define HAVE_FCNTL_H 1
| #define HAVE_SEMAPHORE_H 1
| #define HAVE_ARPA_INET_H 1
| #define HAVE_NETDB_H 1
| #define HAVE_NETINET_IN_H 1
| #define HAVE_SYS_IOCTL_H 1
| #define HAVE_SYS_SOCKET_H 1
| #define HAVE_SYS_TIME_H 1
| #define TIME_WITH_SYS_TIME 1
| #define RETSIGTYPE void
| #define HAVE_MALLOC 1
| #define HAVE_GETTIMEOFDAY 1
| #define HAVE_INET_NTOA 1
| #define HAVE_MEMMOVE 1
| #define HAVE_STRERROR 1
| #define HAVE_GETCWD 1
| #define HAVE_DECL_MYSQL_OPT_RECONNECT 1
| #define HAVE_DECL_MYSQL_OPT_READ_TIMEOUT 1
| #define HAVE_DECL_MYSQL_OPT_WRITE_TIMEOUT 1
| #define HAVE_DECL_MYSQL_SET_CHARACTER_SET 1
| /* end confdefs.h.  */
| 
| #include <malloc.h>
| 
| int
| main ()
| {
| 
| struct mallinfo info = mallinfo();
| return info.keepcost;
| 
|   ;
|   return 0;
| }
configure:7579: result: no
configure:7604: checking for coredumper.h in /usr/local
configure:7611: result: no
configure:7627: checking whether to enable RTTI support
configure:7648: result: none
configure:7676: checking if shared libraries should be executable
configure:7684: result: yes
configure:7734: checking for doxygen version
configure:7742: result: no
configure:7759: checking for kdoc version
configure:7767: result: no
configure:7934: creating ./config.status

## ---------------------- ##
## Running config.status. ##
## ---------------------- ##

This file was extended by Yate config.status 5.5.1, which was
generated by GNU Autoconf 2.69.  Invocation command line was

  CONFIG_FILES    = 
  CONFIG_HEADERS  = 
  CONFIG_LINKS    = 
  CONFIG_COMMANDS = 
  $ ./config.status 

on 172-16-245-197.DYNAPOOL.NYU.EDU

config.status:884: creating packing/rpm/yate.spec
config.status:884: creating packing/portage/yate.ebuild
config.status:884: creating yate.pc
config.status:884: creating yateversn.h
config.status:884: creating yateiss.inc
config.status:884: creating Makefile
config.status:884: creating engine/Makefile
config.status:884: creating modules/Makefile
config.status:884: creating modules/test/Makefile
config.status:884: creating clients/Makefile
config.status:884: creating clients/qt4/Makefile
config.status:884: creating libs/ilbc/Makefile
config.status:884: creating libs/ysip/Makefile
config.status:884: creating libs/yrtp/Makefile
config.status:884: creating libs/ysdp/Makefile
config.status:884: creating libs/yiax/Makefile
config.status:884: creating libs/yjabber/Makefile
config.status:884: creating libs/yscript/Makefile
config.status:884: creating libs/ymgcp/Makefile
config.status:884: creating libs/ysig/Makefile
config.status:884: creating libs/ypbx/Makefile
config.status:884: creating libs/ymodem/Makefile
config.status:884: creating libs/yasn/Makefile
config.status:884: creating libs/ysnmp/Makefile
config.status:884: creating libs/miniwebrtc/Makefile
config.status:884: creating libs/yradio/Makefile
config.status:884: creating share/Makefile
config.status:884: creating share/scripts/Makefile
config.status:884: creating share/skins/Makefile
config.status:884: creating share/sounds/Makefile
config.status:884: creating share/help/Makefile
config.status:884: creating share/data/Makefile
config.status:884: creating conf.d/Makefile
config.status:884: creating yate-config
config.status:884: creating run

## ---------------- ##
## Cache variables. ##
## ---------------- ##

ac_cv_c_bigendian=no
ac_cv_c_compiler_gnu=yes
ac_cv_c_const=yes
ac_cv_c_inline=inline
ac_cv_cxx_compiler_gnu=yes
ac_cv_env_CCC_set=
ac_cv_env_CCC_value=
ac_cv_env_CC_set=
ac_cv_env_CC_value=
ac_cv_env_CFLAGS_set=
ac_cv_env_CFLAGS_value=
ac_cv_env_CPPFLAGS_set=
ac_cv_env_CPPFLAGS_value=
ac_cv_env_CPP_set=
ac_cv_env_CPP_value=
ac_cv_env_CXXFLAGS_set=
ac_cv_env_CXXFLAGS_value=
ac_cv_env_CXX_set=
ac_cv_env_CXX_value=
ac_cv_env_LDFLAGS_set=
ac_cv_env_LDFLAGS_value=
ac_cv_env_LIBS_set=
ac_cv_env_LIBS_value=
ac_cv_env_build_alias_set=
ac_cv_env_build_alias_value=
ac_cv_env_host_alias_set=
ac_cv_env_host_alias_value=
ac_cv_env_target_alias_set=
ac_cv_env_target_alias_value=
ac_cv_format_checks=yes
ac_cv_func_getcwd=yes
ac_cv_func_gethostbyname2=yes
ac_cv_func_gethostbyname2_r=no
ac_cv_func_gethostbyname_r=no
ac_cv_func_gettimeofday=yes
ac_cv_func_inet_ntoa=yes
ac_cv_func_inet_ntop=yes
ac_cv_func_inet_pton=yes
ac_cv_func_malloc=yes
ac_cv_func_memmove=yes
ac_cv_func_strerror=yes
ac_cv_have_decl_MYSQL_OPT_READ_TIMEOUT=yes
ac_cv_have_decl_MYSQL_OPT_RECONNECT=yes
ac_cv_have_decl_MYSQL_OPT_WRITE_TIMEOUT=yes
ac_cv_have_decl_mysql_set_character_set=yes
ac_cv_header_arpa_inet_h=yes
ac_cv_header_dirent_dirent_h=yes
ac_cv_header_fcntl_h=yes
ac_cv_header_inttypes_h=yes
ac_cv_header_memory_h=yes
ac_cv_header_netdb_h=yes
ac_cv_header_netinet_in_h=yes
ac_cv_header_semaphore_h=yes
ac_cv_header_stdc=yes
ac_cv_header_stdint_h=yes
ac_cv_header_stdlib_h=yes
ac_cv_header_string_h=yes
ac_cv_header_strings_h=yes
ac_cv_header_sys_ioctl_h=yes
ac_cv_header_sys_socket_h=yes
ac_cv_header_sys_stat_h=yes
ac_cv_header_sys_time_h=yes
ac_cv_header_sys_types_h=yes
ac_cv_header_time=yes
ac_cv_header_unistd_h=yes
ac_cv_lib_pthread_pthread_mutexattr_settype=yes
ac_cv_no_overload_virt=yes
ac_cv_objext=o
ac_cv_path_EGREP='/usr/bin/grep -E'
ac_cv_path_GREP=/usr/bin/grep
ac_cv_prog_AWK=awk
ac_cv_prog_CPP='gcc -E'
ac_cv_prog_ac_ct_CC=gcc
ac_cv_prog_ac_ct_CXX=g++
ac_cv_prog_cc_c89=
ac_cv_prog_cc_g=yes
ac_cv_prog_cxx_g=yes
ac_cv_search_opendir='none required'
ac_cv_type_signal=void
ac_cv_use_amrnb=/usr
ac_cv_use_coredumper=/usr/local
ac_cv_use_doxygen=no
ac_cv_use_fdsize=8192
ac_cv_use_kdoc=no
ac_cv_use_libgsm=/usr/local/include/gsm
ac_cv_use_libpq=/usr
ac_cv_use_libqt4=yes
ac_cv_use_libqt=no
ac_cv_use_libspeex=/usr/local/include
ac_cv_use_libusb=/usr
ac_cv_use_mallinfo=yes
ac_cv_use_mysql=yes
ac_cv_use_openh323=/usr
ac_cv_use_openssl=yes
ac_cv_use_pwlib=/usr/local
ac_cv_use_qtstatic=no
ac_cv_use_spandsp=/usr/local/include
ac_cv_use_sqlite=yes
ac_cv_use_wphwec=/usr/include/wanpipe
ac_cv_use_zlib=/usr

## ----------------- ##
## Output variables. ##
## ----------------- ##

AMRNB_INC=''
AMRNB_LIB='-lamrnb'
ARCHLIB='lib'
ATOMIC_OPS='-DATOMIC_OPS'
AWK='awk'
BUILD_TDMCARD='yes'
BUILD_WPCARD='yes'
CC='gcc'
CFLAGS='-g -O2'
CONFIGURE_FILES=' yate.pc yateversn.h yateiss.inc Makefile engine/Makefile modules/Makefile modules/test/Makefile clients/Makefile clients/qt4/Makefile libs/ilbc/Makefile libs/ysip/Makefile libs/yrtp/Makefile libs/ysdp/Makefile libs/yiax/Makefile libs/yjabber/Makefile libs/yscript/Makefile libs/ymgcp/Makefile libs/ysig/Makefile libs/ypbx/Makefile libs/ymodem/Makefile libs/yasn/Makefile libs/ysnmp/Makefile libs/miniwebrtc/Makefile libs/yradio/Makefile share/Makefile share/scripts/Makefile share/skins/Makefile share/sounds/Makefile share/help/Makefile share/data/Makefile conf.d/Makefile yate-config run config.status config.log'
COREDUMPER_INC=''
COREDUMPER_LIB=''
CPP='gcc -E'
CPPFLAGS=''
CXX='g++'
CXXFLAGS='-g -O2'
DEFS='-DPACKAGE_NAME=\"Yate\" -DPACKAGE_TARNAME=\"yate\" -DPACKAGE_VERSION=\"5.5.1\" -DPACKAGE_STRING=\"Yate\ 5.5.1\" -DPACKAGE_BUGREPORT=\"\" -DPACKAGE_URL=\"\" -DSTDC_HEADERS=1 -DHAVE_SYS_TYPES_H=1 -DHAVE_SYS_STAT_H=1 -DHAVE_STDLIB_H=1 -DHAVE_STRING_H=1 -DHAVE_MEMORY_H=1 -DHAVE_STRINGS_H=1 -DHAVE_INTTYPES_H=1 -DHAVE_STDINT_H=1 -DHAVE_UNISTD_H=1 -DHAVE_DIRENT_H=1 -DSTDC_HEADERS=1 -DHAVE_FCNTL_H=1 -DHAVE_SEMAPHORE_H=1 -DHAVE_ARPA_INET_H=1 -DHAVE_NETDB_H=1 -DHAVE_NETINET_IN_H=1 -DHAVE_SYS_IOCTL_H=1 -DHAVE_SYS_SOCKET_H=1 -DHAVE_SYS_TIME_H=1 -DTIME_WITH_SYS_TIME=1 -DRETSIGTYPE=void -DHAVE_MALLOC=1 -DHAVE_GETTIMEOFDAY=1 -DHAVE_INET_NTOA=1 -DHAVE_MEMMOVE=1 -DHAVE_STRERROR=1 -DHAVE_GETCWD=1 -DHAVE_DECL_MYSQL_OPT_RECONNECT=1 -DHAVE_DECL_MYSQL_OPT_READ_TIMEOUT=1 -DHAVE_DECL_MYSQL_OPT_WRITE_TIMEOUT=1 -DHAVE_DECL_MYSQL_SET_CHARACTER_SET=1'
DLOPEN_LIB=''
DOXYGEN_BIN=''
ECHO_C='\c'
ECHO_N=''
ECHO_T=''
EGREP='/usr/bin/grep -E'
EXEEXT=''
FDSIZE_HACK='-DHAVE_POLL '
GREP='/usr/bin/grep'
GSM_INC=''
GSM_LIB='-lgsm'
H323_INC=''
H323_LIB=''
H323_RUN=''
HAVE_ALSA='no'
HAVE_AMRNB='no'
HAVE_BLOCK_RETURN='-DHAVE_BLOCK_RETURN'
HAVE_COREAUDIO='yes'
HAVE_COREDUMPER='no'
HAVE_GETCWD='-DHAVE_GETCWD'
HAVE_GMTOFF='-DHAVE_GMTOFF'
HAVE_GSM='no'
HAVE_H323='no'
HAVE_ILBC='yes'
HAVE_ILBCWR='yes'
HAVE_INT_TZ='-DHAVE_INT_TZ'
HAVE_ISAC='yes'
HAVE_LIBUSB='no'
HAVE_MACOSX_SUPPORT='yes'
HAVE_MALLINFO='no'
HAVE_MYSQL='yes'
HAVE_OPENSSL='yes'
HAVE_PGSQL='no'
HAVE_POLL='yes'
HAVE_PRCTL=''
HAVE_QT4='yes'
HAVE_RESOLV='yes'
HAVE_SCTP='no'
HAVE_SCTP_NETINET='no'
HAVE_SOCKADDR_LEN='-DHAVE_SOCKADDR_LEN'
HAVE_SOUNDCARD='no'
HAVE_SPANDSP='no'
HAVE_SPEEX='no'
HAVE_SQLITE='yes'
HAVE_WANPIPE='no'
HAVE_WANPIPE_TDM='no'
HAVE_ZAP='no'
HAVE_ZLIB='yes'
ILBCWR_INC='-I/Users/Mehrotra/projects/stingray/yate/libs/miniwebrtc/audio/coding_ilbc'
ILBC_INC='-I/Users/Mehrotra/projects/stingray/yate/libs/ilbc'
INLINE_FLAGS=''
INSTALL_D='install'
INSTALL_L=''
INTERNAL_REGEX='yes'
ISAC_INC='-I/Users/Mehrotra/projects/stingray/yate/libs/miniwebrtc/audio/coding_isac/main'
KDOC_BIN=''
LDFLAGS=''
LIBOBJS=''
LIBS=''
LIBUSB_INC=''
LIBUSB_LIB=''
LTLIBOBJS=''
MACOSX_INC='-DHAVE_MACOSX_SUPPORT'
MODULE_CFLAGS='-fno-exceptions -fPIC -DHAVE_GCC_FORMAT_CHECK -DHAVE_BLOCK_RETURN'
MODULE_CPPFLAGS='-Wno-overloaded-virtual  -fno-exceptions -fPIC -DHAVE_GCC_FORMAT_CHECK -DHAVE_BLOCK_RETURN'
MODULE_LDFLAGS='-dynamiclib '
MODULE_LDRELAX='-dynamiclib'
MODULE_SYMBOLS=''
MUTEX_HACK='-DMUTEX_HACK'
MYSQL_INC='-I/usr/local/Cellar/mysql/5.6.24/include/mysql -DMYSQL_OPT_RECONNECT=MYSQL_OPT_RECONNECT -DMYSQL_OPT_READ_TIMEOUT=MYSQL_OPT_READ_TIMEOUT -DMYSQL_OPT_WRITE_TIMEOUT=MYSQL_OPT_WRITE_TIMEOUT -DHAVE_MYSQL_SET_CHARSET'
MYSQL_LIB='-L/usr/local/Cellar/mysql/5.6.24/lib  -lmysqlclient  -lssl -lcrypto'
MYSQL_VER='5.6.24'
NETDB_FLAGS=' -DHAVE_NTOP -DHAVE_PTON -DHAVE_GHBN2'
OBJCFLAGS='-x objective-c++'
OBJEXT='o'
OPENSSL_INC='-I/usr/local/include'
OPENSSL_LIB='-L/usr/local/lib -lssl -lcrypto'
OPENSSL_VER='1.1.0-pre3-dev'
PACKAGE_BUGREPORT=''
PACKAGE_NAME='Yate'
PACKAGE_RELEASE='1'
PACKAGE_REVISION='6107'
PACKAGE_STATUS='devel'
PACKAGE_STRING='Yate 5.5.1'
PACKAGE_TARNAME='yate'
PACKAGE_URL=''
PACKAGE_VERSION='5.5.1'
PACKAGE_VERSION_BUILD='1'
PACKAGE_VERSION_MAJOR='5'
PACKAGE_VERSION_MINOR='5'
PACKAGE_VERSION_RELEASE='1'
PATH_SEPARATOR=':'
PGSQL_INC=''
PGSQL_LIB='-lpq'
QT4_INC='-DQT_SHARED -I/usr/local/Cellar/qt/4.8.7_2/include -I/usr/local/Cellar/qt/4.8.7_2/include/QtUiTools -I/usr/local/Cellar/qt/4.8.7_2/include -I/usr/local/Cellar/qt/4.8.7_2/include/QtGui -I/usr/local/Cellar/qt/4.8.7_2/include -I/usr/local/Cellar/qt/4.8.7_2/include/QtXml -I/usr/local/Cellar/qt/4.8.7_2/include -I/usr/local/Cellar/qt/4.8.7_2/include/QtCore'
QT4_INC_NET='-I/usr/local/Cellar/qt/4.8.7_2/include/QtNetwork'
QT4_LIB='-F/usr/local/Cellar/qt/4.8.7_2/lib -framework QtUiTools -F/usr/local/Cellar/qt/4.8.7_2/lib -framework QtGui -F/usr/local/Cellar/qt/4.8.7_2/lib -framework QtXml -F/usr/local/Cellar/qt/4.8.7_2/lib -framework QtCore'
QT4_LIB_NET='QtNetwork'
QT4_MOC='moc'
QT4_STATIC_MODULES='no'
QT4_VER='040807'
RESOLV_INC=''
RESOLV_LIB='-lresolv'
RTTI_OPT=''
SCTP_FLAGS=''
SHELL='/bin/sh'
SONAME_OPT='-dynamiclib -Wl,-dylib_install_name,'
SPANDSP_INC=''
SPANDSP_LIB='-lspandsp'
SPEEX_INC=''
SPEEX_LIB='-lspeex'
SQLITE_INC=''
SQLITE_LIB='-lsqlite3'
SSE2_OPS='no'
THREAD_KILL=''
THREAD_LIB='-lpthread'
USE_RTTI='none'
WANPIPE_FLAGS=''
ZAP_FLAGS=''
ZLIB_INC='-I/usr/include'
ZLIB_LIB='-lz'
ac_ct_CC='gcc'
ac_ct_CXX='g++'
bindir='${exec_prefix}/bin'
build_alias=''
datadir='${datarootdir}'
datarootdir='${prefix}/share'
docdir='${datarootdir}/doc/${PACKAGE_TARNAME}'
dvidir='${docdir}'
exec_prefix='${prefix}'
host_alias=''
htmldir='${docdir}'
includedir='${prefix}/include'
infodir='${datarootdir}/info'
libdir='${exec_prefix}/lib'
libexecdir='${exec_prefix}/libexec'
localedir='${datarootdir}/locale'
localstatedir='${prefix}/var'
mandir='${datarootdir}/man'
oldincludedir='/usr/include'
pdfdir='${docdir}'
prefix='/usr/local'
program_transform_name='s,x,x,'
psdir='${docdir}'
sbindir='${exec_prefix}/sbin'
sharedstatedir='${prefix}/com'
sysconfdir='${prefix}/etc'
target_alias=''

## ----------- ##
## confdefs.h. ##
## ----------- ##

/* confdefs.h */
#define PACKAGE_NAME "Yate"
#define PACKAGE_TARNAME "yate"
#define PACKAGE_VERSION "5.5.1"
#define PACKAGE_STRING "Yate 5.5.1"
#define PACKAGE_BUGREPORT ""
#define PACKAGE_URL ""
#define STDC_HEADERS 1
#define HAVE_SYS_TYPES_H 1
#define HAVE_SYS_STAT_H 1
#define HAVE_STDLIB_H 1
#define HAVE_STRING_H 1
#define HAVE_MEMORY_H 1
#define HAVE_STRINGS_H 1
#define HAVE_INTTYPES_H 1
#define HAVE_STDINT_H 1
#define HAVE_UNISTD_H 1
#define HAVE_DIRENT_H 1
#define STDC_HEADERS 1
#define HAVE_FCNTL_H 1
#define HAVE_SEMAPHORE_H 1
#define HAVE_ARPA_INET_H 1
#define HAVE_NETDB_H 1
#define HAVE_NETINET_IN_H 1
#define HAVE_SYS_IOCTL_H 1
#define HAVE_SYS_SOCKET_H 1
#define HAVE_SYS_TIME_H 1
#define TIME_WITH_SYS_TIME 1
#define RETSIGTYPE void
#define HAVE_MALLOC 1
#define HAVE_GETTIMEOFDAY 1
#define HAVE_INET_NTOA 1
#define HAVE_MEMMOVE 1
#define HAVE_STRERROR 1
#define HAVE_GETCWD 1
#define HAVE_DECL_MYSQL_OPT_RECONNECT 1
#define HAVE_DECL_MYSQL_OPT_READ_TIMEOUT 1
#define HAVE_DECL_MYSQL_OPT_WRITE_TIMEOUT 1
#define HAVE_DECL_MYSQL_SET_CHARACTER_SET 1

configure: exit 0
