This file contains any messages produced by compilers while
running configure, to aid debugging if configure makes a mistake.

It was created by Yate-BTS configure 5.0.1, which was
generated by GNU Autoconf 2.69.  Invocation command line was

  $ ./configure 

## --------- ##
## Platform. ##
## --------- ##

hostname = 172-16-245-197.DYNAPOOL.NYU.EDU
uname -m = x86_64
uname -r = 14.5.0
uname -s = Darwin
uname -v = Darwin Kernel Version 14.5.0: Tue Sep  1 21:23:09 PDT 2015; root:xnu-2782.50.1~1/RELEASE_X86_64

/usr/bin/uname -p = i386
/bin/uname -X     = unknown

/bin/arch              = unknown
/usr/bin/arch -k       = unknown
/usr/convex/getsysinfo = unknown
/usr/bin/hostinfo      = Mach kernel version:
	 Darwin Kernel Version 14.5.0: Tue Sep  1 21:23:09 PDT 2015; root:xnu-2782.50.1~1/RELEASE_X86_64
Kernel configured for up to 4 processors.
2 processors are physically available.
4 processors are logically available.
Processor type: x86_64h (Intel x86-64h Haswell)
Processors active: 0 1 2 3
Primary memory available: 8.00 gigabytes
Default processor set: 267 tasks, 1154 threads, 4 processors
Load average: 0.94, Mach factor: 3.05
/bin/machine           = unknown
/usr/bin/oslevel       = unknown
/bin/universe          = unknown

PATH: /Users/Mehrotra/.rvm/gems/ruby-2.2.1/bin
PATH: /Users/Mehrotra/.rvm/gems/ruby-2.2.1@global/bin
PATH: /Users/Mehrotra/.rvm/rubies/ruby-2.2.1/bin
PATH: /Users/Mehrotra/perl5/bin
PATH: /usr/local/bin
PATH: /usr/bin
PATH: /bin
PATH: /usr/sbin
PATH: /sbin
PATH: /usr/local/bin
PATH: /usr/bin
PATH: /bin
PATH: /usr/sbin
PATH: /sbin
PATH: /Users/Mehrotra/.rvm/bin


## ----------- ##
## Core tests. ##
## ----------- ##

configure:2248: checking for local operating system type
configure:2252: result: Darwin
configure:2314: checking for g++
configure:2330: found /usr/bin/g++
configure:2341: result: g++
configure:2368: checking for C++ compiler version
configure:2377: g++ --version >&5
Apple LLVM version 7.0.2 (clang-700.1.81)
Target: x86_64-apple-darwin14.5.0
Thread model: posix
Configured with: --prefix=/Applications/Xcode.app/Contents/Developer/usr --with-gxx-include-dir=/usr/include/c++/4.2.1
configure:2388: $? = 0
configure:2377: g++ -v >&5
Configured with: --prefix=/Applications/Xcode.app/Contents/Developer/usr --with-gxx-include-dir=/usr/include/c++/4.2.1
Apple LLVM version 7.0.2 (clang-700.1.81)
Target: x86_64-apple-darwin14.5.0
Thread model: posix
configure:2388: $? = 0
configure:2377: g++ -V >&5
clang: error: argument to '-V' is missing (expected 1 value)
clang: error: no input files
configure:2388: $? = 1
configure:2377: g++ -qversion >&5
clang: error: unknown argument: '-qversion'
clang: error: no input files
configure:2388: $? = 1
configure:2408: checking whether the C++ compiler works
configure:2430: g++    conftest.cpp  >&5
configure:2434: $? = 0
configure:2482: result: yes
configure:2485: checking for C++ compiler default output file name
configure:2487: result: a.out
configure:2493: checking for suffix of executables
configure:2500: g++ -o conftest    conftest.cpp  >&5
configure:2504: $? = 0
configure:2526: result: 
configure:2548: checking whether we are cross compiling
configure:2556: g++ -o conftest    conftest.cpp  >&5
configure:2560: $? = 0
configure:2567: ./conftest
configure:2571: $? = 0
configure:2586: result: no
configure:2591: checking for suffix of object files
configure:2613: g++ -c   conftest.cpp >&5
configure:2617: $? = 0
configure:2638: result: o
configure:2642: checking whether we are using the GNU C++ compiler
configure:2661: g++ -c   conftest.cpp >&5
configure:2661: $? = 0
configure:2670: result: yes
configure:2679: checking whether g++ accepts -g
configure:2699: g++ -c -g  conftest.cpp >&5
configure:2699: $? = 0
configure:2740: result: yes
configure:2811: checking for gcc
configure:2827: found /usr/bin/gcc
configure:2838: result: gcc
configure:3067: checking for C compiler version
configure:3076: gcc --version >&5
Apple LLVM version 7.0.2 (clang-700.1.81)
Target: x86_64-apple-darwin14.5.0
Thread model: posix
Configured with: --prefix=/Applications/Xcode.app/Contents/Developer/usr --with-gxx-include-dir=/usr/include/c++/4.2.1
configure:3087: $? = 0
configure:3076: gcc -v >&5
Configured with: --prefix=/Applications/Xcode.app/Contents/Developer/usr --with-gxx-include-dir=/usr/include/c++/4.2.1
Apple LLVM version 7.0.2 (clang-700.1.81)
Target: x86_64-apple-darwin14.5.0
Thread model: posix
configure:3087: $? = 0
configure:3076: gcc -V >&5
clang: error: argument to '-V' is missing (expected 1 value)
clang: error: no input files
configure:3087: $? = 1
configure:3076: gcc -qversion >&5
clang: error: unknown argument: '-qversion'
clang: error: no input files
configure:3087: $? = 1
configure:3091: checking whether we are using the GNU C compiler
configure:3110: gcc -c   conftest.c >&5
configure:3110: $? = 0
configure:3119: result: yes
configure:3128: checking whether gcc accepts -g
configure:3148: gcc -c -g  conftest.c >&5
configure:3148: $? = 0
configure:3189: result: yes
configure:3206: checking for gcc option to accept ISO C89
configure:3269: gcc  -c -g -O2  conftest.c >&5
configure:3269: $? = 0
configure:3282: result: none needed
configure:3306: checking for gawk
configure:3336: result: no
configure:3306: checking for mawk
configure:3336: result: no
configure:3306: checking for nawk
configure:3336: result: no
configure:3306: checking for awk
configure:3322: found /usr/bin/awk
configure:3333: result: awk
configure:3357: checking for sed command to use
configure:3366: result: sed -E
configure:3371: checking for an ANSI C-conforming const
configure:3437: gcc -c -g -O2  conftest.c >&5
configure:3437: $? = 0
configure:3444: result: yes
configure:3452: checking for inline
configure:3468: gcc -c -g -O2  conftest.c >&5
configure:3468: $? = 0
configure:3476: result: inline
configure:3499: checking how to run the C preprocessor
configure:3530: gcc -E  conftest.c
configure:3530: $? = 0
configure:3544: gcc -E  conftest.c
conftest.c:9:10: fatal error: 'ac_nonexistent.h' file not found
#include <ac_nonexistent.h>
         ^
1 error generated.
configure:3544: $? = 1
configure: failed program was:
| /* confdefs.h */
| #define PACKAGE_NAME "Yate-BTS"
| #define PACKAGE_TARNAME "yate-bts"
| #define PACKAGE_VERSION "5.0.1"
| #define PACKAGE_STRING "Yate-BTS 5.0.1"
| #define PACKAGE_BUGREPORT ""
| #define PACKAGE_URL ""
| /* end confdefs.h.  */
| #include <ac_nonexistent.h>
configure:3569: result: gcc -E
configure:3589: gcc -E  conftest.c
configure:3589: $? = 0
configure:3603: gcc -E  conftest.c
conftest.c:9:10: fatal error: 'ac_nonexistent.h' file not found
#include <ac_nonexistent.h>
         ^
1 error generated.
configure:3603: $? = 1
configure: failed program was:
| /* confdefs.h */
| #define PACKAGE_NAME "Yate-BTS"
| #define PACKAGE_TARNAME "yate-bts"
| #define PACKAGE_VERSION "5.0.1"
| #define PACKAGE_STRING "Yate-BTS 5.0.1"
| #define PACKAGE_BUGREPORT ""
| #define PACKAGE_URL ""
| /* end confdefs.h.  */
| #include <ac_nonexistent.h>
configure:3632: checking for grep that handles long lines and -e
configure:3690: result: /usr/bin/grep
configure:3695: checking for egrep
configure:3757: result: /usr/bin/grep -E
configure:3762: checking for ANSI C header files
configure:3782: gcc -c -g -O2  conftest.c >&5
configure:3782: $? = 0
configure:3855: gcc -o conftest -g -O2   conftest.c  >&5
configure:3855: $? = 0
configure:3855: ./conftest
configure:3855: $? = 0
configure:3866: result: yes
configure:3879: checking for sys/types.h
configure:3879: gcc -c -g -O2  conftest.c >&5
configure:3879: $? = 0
configure:3879: result: yes
configure:3879: checking for sys/stat.h
configure:3879: gcc -c -g -O2  conftest.c >&5
configure:3879: $? = 0
configure:3879: result: yes
configure:3879: checking for stdlib.h
configure:3879: gcc -c -g -O2  conftest.c >&5
configure:3879: $? = 0
configure:3879: result: yes
configure:3879: checking for string.h
configure:3879: gcc -c -g -O2  conftest.c >&5
configure:3879: $? = 0
configure:3879: result: yes
configure:3879: checking for memory.h
configure:3879: gcc -c -g -O2  conftest.c >&5
configure:3879: $? = 0
configure:3879: result: yes
configure:3879: checking for strings.h
configure:3879: gcc -c -g -O2  conftest.c >&5
configure:3879: $? = 0
configure:3879: result: yes
configure:3879: checking for inttypes.h
configure:3879: gcc -c -g -O2  conftest.c >&5
configure:3879: $? = 0
configure:3879: result: yes
configure:3879: checking for stdint.h
configure:3879: gcc -c -g -O2  conftest.c >&5
configure:3879: $? = 0
configure:3879: result: yes
configure:3879: checking for unistd.h
configure:3879: gcc -c -g -O2  conftest.c >&5
configure:3879: $? = 0
configure:3879: result: yes
configure:3891: checking for size_t
configure:3891: gcc -c -g -O2  conftest.c >&5
configure:3891: $? = 0
configure:3891: gcc -c -g -O2  conftest.c >&5
conftest.c:55:21: error: expected expression
if (sizeof ((size_t)))
                    ^
1 error generated.
configure:3891: $? = 1
configure: failed program was:
| /* confdefs.h */
| #define PACKAGE_NAME "Yate-BTS"
| #define PACKAGE_TARNAME "yate-bts"
| #define PACKAGE_VERSION "5.0.1"
| #define PACKAGE_STRING "Yate-BTS 5.0.1"
| #define PACKAGE_BUGREPORT ""
| #define PACKAGE_URL ""
| #define STDC_HEADERS 1
| #define HAVE_SYS_TYPES_H 1
| #define HAVE_SYS_STAT_H 1
| #define HAVE_STDLIB_H 1
| #define HAVE_STRING_H 1
| #define HAVE_MEMORY_H 1
| #define HAVE_STRINGS_H 1
| #define HAVE_INTTYPES_H 1
| #define HAVE_STDINT_H 1
| #define HAVE_UNISTD_H 1
| /* end confdefs.h.  */
| #include <stdio.h>
| #ifdef HAVE_SYS_TYPES_H
| # include <sys/types.h>
| #endif
| #ifdef HAVE_SYS_STAT_H
| # include <sys/stat.h>
| #endif
| #ifdef STDC_HEADERS
| # include <stdlib.h>
| # include <stddef.h>
| #else
| # ifdef HAVE_STDLIB_H
| #  include <stdlib.h>
| # endif
| #endif
| #ifdef HAVE_STRING_H
| # if !defined STDC_HEADERS && defined HAVE_MEMORY_H
| #  include <memory.h>
| # endif
| # include <string.h>
| #endif
| #ifdef HAVE_STRINGS_H
| # include <strings.h>
| #endif
| #ifdef HAVE_INTTYPES_H
| # include <inttypes.h>
| #endif
| #ifdef HAVE_STDINT_H
| # include <stdint.h>
| #endif
| #ifdef HAVE_UNISTD_H
| # include <unistd.h>
| #endif
| int
| main ()
| {
| if (sizeof ((size_t)))
| 	    return 0;
|   ;
|   return 0;
| }
configure:3891: result: yes
configure:3902: checking whether time.h and sys/time.h may both be included
configure:3922: gcc -c -g -O2  conftest.c >&5
configure:3922: $? = 0
configure:3929: result: yes
configure:3937: checking whether byte ordering is bigendian
configure:3952: gcc -c -g -O2  conftest.c >&5
configure:3952: $? = 0
configure:3997: gcc -c -g -O2  conftest.c >&5
configure:3997: $? = 0
configure:4015: gcc -c -g -O2  conftest.c >&5
conftest.c:27:4: error: use of undeclared identifier 'not'
                 not big endian
                 ^
1 error generated.
configure:4015: $? = 1
configure: failed program was:
| /* confdefs.h */
| #define PACKAGE_NAME "Yate-BTS"
| #define PACKAGE_TARNAME "yate-bts"
| #define PACKAGE_VERSION "5.0.1"
| #define PACKAGE_STRING "Yate-BTS 5.0.1"
| #define PACKAGE_BUGREPORT ""
| #define PACKAGE_URL ""
| #define STDC_HEADERS 1
| #define HAVE_SYS_TYPES_H 1
| #define HAVE_SYS_STAT_H 1
| #define HAVE_STDLIB_H 1
| #define HAVE_STRING_H 1
| #define HAVE_MEMORY_H 1
| #define HAVE_STRINGS_H 1
| #define HAVE_INTTYPES_H 1
| #define HAVE_STDINT_H 1
| #define HAVE_UNISTD_H 1
| #define TIME_WITH_SYS_TIME 1
| /* end confdefs.h.  */
| #include <sys/types.h>
| 		#include <sys/param.h>
| 
| int
| main ()
| {
| #if BYTE_ORDER != BIG_ENDIAN
| 		 not big endian
| 		#endif
| 
|   ;
|   return 0;
| }
configure:4143: result: no
configure:4166: checking sys/socket.h usability
configure:4166: gcc -c -g -O2 -DLITTLE_ENDIAN  conftest.c >&5
configure:4166: $? = 0
configure:4166: result: yes
configure:4166: checking sys/socket.h presence
configure:4166: gcc -E  conftest.c
configure:4166: $? = 0
configure:4166: result: yes
configure:4166: checking for sys/socket.h
configure:4166: result: yes
configure:4166: checking sys/time.h usability
configure:4166: gcc -c -g -O2 -DLITTLE_ENDIAN  conftest.c >&5
configure:4166: $? = 0
configure:4166: result: yes
configure:4166: checking sys/time.h presence
configure:4166: gcc -E  conftest.c
configure:4166: $? = 0
configure:4166: result: yes
configure:4166: checking for sys/time.h
configure:4166: result: yes
configure:4166: checking pthread.h usability
configure:4166: gcc -c -g -O2 -DLITTLE_ENDIAN  conftest.c >&5
configure:4166: $? = 0
configure:4166: result: yes
configure:4166: checking pthread.h presence
configure:4166: gcc -E  conftest.c
configure:4166: $? = 0
configure:4166: result: yes
configure:4166: checking for pthread.h
configure:4166: result: yes
configure:4166: checking syslog.h usability
configure:4166: gcc -c -g -O2 -DLITTLE_ENDIAN  conftest.c >&5
configure:4166: $? = 0
configure:4166: result: yes
configure:4166: checking syslog.h presence
configure:4166: gcc -E  conftest.c
configure:4166: $? = 0
configure:4166: result: yes
configure:4166: checking for syslog.h
configure:4166: result: yes
configure:4181: checking for openlog
configure:4181: gcc -o conftest -g -O2 -DLITTLE_ENDIAN   conftest.c  >&5
configure:4181: $? = 0
configure:4181: result: yes
configure:4181: checking for syslog
configure:4181: gcc -o conftest -g -O2 -DLITTLE_ENDIAN   conftest.c  >&5
configure:4181: $? = 0
configure:4181: result: yes
configure:4197: checking byteswap.h usability
configure:4197: gcc -c -g -O2 -DLITTLE_ENDIAN  conftest.c >&5
conftest.c:59:10: fatal error: 'byteswap.h' file not found
#include <byteswap.h>
         ^
1 error generated.
configure:4197: $? = 1
configure: failed program was:
| /* confdefs.h */
| #define PACKAGE_NAME "Yate-BTS"
| #define PACKAGE_TARNAME "yate-bts"
| #define PACKAGE_VERSION "5.0.1"
| #define PACKAGE_STRING "Yate-BTS 5.0.1"
| #define PACKAGE_BUGREPORT ""
| #define PACKAGE_URL ""
| #define STDC_HEADERS 1
| #define HAVE_SYS_TYPES_H 1
| #define HAVE_SYS_STAT_H 1
| #define HAVE_STDLIB_H 1
| #define HAVE_STRING_H 1
| #define HAVE_MEMORY_H 1
| #define HAVE_STRINGS_H 1
| #define HAVE_INTTYPES_H 1
| #define HAVE_STDINT_H 1
| #define HAVE_UNISTD_H 1
| #define TIME_WITH_SYS_TIME 1
| #define HAVE_SYS_SOCKET_H 1
| #define HAVE_SYS_TIME_H 1
| #define HAVE_PTHREAD_H 1
| #define HAVE_SYSLOG_H 1
| #define HAVE_OPENLOG 1
| #define HAVE_SYSLOG 1
| /* end confdefs.h.  */
| #include <stdio.h>
| #ifdef HAVE_SYS_TYPES_H
| # include <sys/types.h>
| #endif
| #ifdef HAVE_SYS_STAT_H
| # include <sys/stat.h>
| #endif
| #ifdef STDC_HEADERS
| # include <stdlib.h>
| # include <stddef.h>
| #else
| # ifdef HAVE_STDLIB_H
| #  include <stdlib.h>
| # endif
| #endif
| #ifdef HAVE_STRING_H
| # if !defined STDC_HEADERS && defined HAVE_MEMORY_H
| #  include <memory.h>
| # endif
| # include <string.h>
| #endif
| #ifdef HAVE_STRINGS_H
| # include <strings.h>
| #endif
| #ifdef HAVE_INTTYPES_H
| # include <inttypes.h>
| #endif
| #ifdef HAVE_STDINT_H
| # include <stdint.h>
| #endif
| #ifdef HAVE_UNISTD_H
| # include <unistd.h>
| #endif
| #include <byteswap.h>
configure:4197: result: no
configure:4197: checking byteswap.h presence
configure:4197: gcc -E  conftest.c
conftest.c:26:10: fatal error: 'byteswap.h' file not found
#include <byteswap.h>
         ^
1 error generated.
configure:4197: $? = 1
configure: failed program was:
| /* confdefs.h */
| #define PACKAGE_NAME "Yate-BTS"
| #define PACKAGE_TARNAME "yate-bts"
| #define PACKAGE_VERSION "5.0.1"
| #define PACKAGE_STRING "Yate-BTS 5.0.1"
| #define PACKAGE_BUGREPORT ""
| #define PACKAGE_URL ""
| #define STDC_HEADERS 1
| #define HAVE_SYS_TYPES_H 1
| #define HAVE_SYS_STAT_H 1
| #define HAVE_STDLIB_H 1
| #define HAVE_STRING_H 1
| #define HAVE_MEMORY_H 1
| #define HAVE_STRINGS_H 1
| #define HAVE_INTTYPES_H 1
| #define HAVE_STDINT_H 1
| #define HAVE_UNISTD_H 1
| #define TIME_WITH_SYS_TIME 1
| #define HAVE_SYS_SOCKET_H 1
| #define HAVE_SYS_TIME_H 1
| #define HAVE_PTHREAD_H 1
| #define HAVE_SYSLOG_H 1
| #define HAVE_OPENLOG 1
| #define HAVE_SYSLOG 1
| /* end confdefs.h.  */
| #include <byteswap.h>
configure:4197: result: no
configure:4197: checking for byteswap.h
configure:4197: result: no
configure:4197: checking sys/prctl.h usability
configure:4197: gcc -c -g -O2 -DLITTLE_ENDIAN  conftest.c >&5
conftest.c:59:10: fatal error: 'sys/prctl.h' file not found
#include <sys/prctl.h>
         ^
1 error generated.
configure:4197: $? = 1
configure: failed program was:
| /* confdefs.h */
| #define PACKAGE_NAME "Yate-BTS"
| #define PACKAGE_TARNAME "yate-bts"
| #define PACKAGE_VERSION "5.0.1"
| #define PACKAGE_STRING "Yate-BTS 5.0.1"
| #define PACKAGE_BUGREPORT ""
| #define PACKAGE_URL ""
| #define STDC_HEADERS 1
| #define HAVE_SYS_TYPES_H 1
| #define HAVE_SYS_STAT_H 1
| #define HAVE_STDLIB_H 1
| #define HAVE_STRING_H 1
| #define HAVE_MEMORY_H 1
| #define HAVE_STRINGS_H 1
| #define HAVE_INTTYPES_H 1
| #define HAVE_STDINT_H 1
| #define HAVE_UNISTD_H 1
| #define TIME_WITH_SYS_TIME 1
| #define HAVE_SYS_SOCKET_H 1
| #define HAVE_SYS_TIME_H 1
| #define HAVE_PTHREAD_H 1
| #define HAVE_SYSLOG_H 1
| #define HAVE_OPENLOG 1
| #define HAVE_SYSLOG 1
| /* end confdefs.h.  */
| #include <stdio.h>
| #ifdef HAVE_SYS_TYPES_H
| # include <sys/types.h>
| #endif
| #ifdef HAVE_SYS_STAT_H
| # include <sys/stat.h>
| #endif
| #ifdef STDC_HEADERS
| # include <stdlib.h>
| # include <stddef.h>
| #else
| # ifdef HAVE_STDLIB_H
| #  include <stdlib.h>
| # endif
| #endif
| #ifdef HAVE_STRING_H
| # if !defined STDC_HEADERS && defined HAVE_MEMORY_H
| #  include <memory.h>
| # endif
| # include <string.h>
| #endif
| #ifdef HAVE_STRINGS_H
| # include <strings.h>
| #endif
| #ifdef HAVE_INTTYPES_H
| # include <inttypes.h>
| #endif
| #ifdef HAVE_STDINT_H
| # include <stdint.h>
| #endif
| #ifdef HAVE_UNISTD_H
| # include <unistd.h>
| #endif
| #include <sys/prctl.h>
configure:4197: result: no
configure:4197: checking sys/prctl.h presence
configure:4197: gcc -E  conftest.c
conftest.c:26:10: fatal error: 'sys/prctl.h' file not found
#include <sys/prctl.h>
         ^
1 error generated.
configure:4197: $? = 1
configure: failed program was:
| /* confdefs.h */
| #define PACKAGE_NAME "Yate-BTS"
| #define PACKAGE_TARNAME "yate-bts"
| #define PACKAGE_VERSION "5.0.1"
| #define PACKAGE_STRING "Yate-BTS 5.0.1"
| #define PACKAGE_BUGREPORT ""
| #define PACKAGE_URL ""
| #define STDC_HEADERS 1
| #define HAVE_SYS_TYPES_H 1
| #define HAVE_SYS_STAT_H 1
| #define HAVE_STDLIB_H 1
| #define HAVE_STRING_H 1
| #define HAVE_MEMORY_H 1
| #define HAVE_STRINGS_H 1
| #define HAVE_INTTYPES_H 1
| #define HAVE_STDINT_H 1
| #define HAVE_UNISTD_H 1
| #define TIME_WITH_SYS_TIME 1
| #define HAVE_SYS_SOCKET_H 1
| #define HAVE_SYS_TIME_H 1
| #define HAVE_PTHREAD_H 1
| #define HAVE_SYSLOG_H 1
| #define HAVE_OPENLOG 1
| #define HAVE_SYSLOG 1
| /* end confdefs.h.  */
| #include <sys/prctl.h>
configure:4197: result: no
configure:4197: checking for sys/prctl.h
configure:4197: result: no
configure:4241: checking for Yate using yate-config
configure:4260: result: 5.5.1
configure:4532: creating ./config.status

## ---------------------- ##
## Running config.status. ##
## ---------------------- ##

This file was extended by Yate-BTS config.status 5.0.1, which was
generated by GNU Autoconf 2.69.  Invocation command line was

  CONFIG_FILES    = 
  CONFIG_HEADERS  = 
  CONFIG_LINKS    = 
  CONFIG_COMMANDS = 
  $ ./config.status 

on 172-16-245-197.DYNAPOOL.NYU.EDU

config.status:859: creating yate-bts.spec
config.status:859: creating Makefile
config.status:859: creating mbts/A53/Makefile
config.status:859: creating mbts/CLI/Makefile
config.status:859: creating mbts/CommonLibs/Makefile
config.status:859: creating mbts/Connection/Makefile
config.status:859: creating mbts/Control/Makefile
config.status:859: creating mbts/GPRS/Makefile
config.status:859: creating mbts/GSM/Makefile
config.status:859: creating mbts/Globals/Makefile
config.status:859: creating mbts/Peering/Makefile
config.status:859: creating mbts/SGSNGGSN/Makefile
config.status:859: creating mbts/TRXManager/Makefile
config.status:859: creating mbts/sqlite3/Makefile
config.status:859: creating mbts/apps/Makefile
config.status:859: creating transceiver/Makefile
config.status:859: creating roaming/Makefile
config.status:859: creating nib/Makefile
config.status:859: creating nib/auth/Makefile
config.status:859: creating config.h

## ---------------- ##
## Cache variables. ##
## ---------------- ##

ac_cv_c_bigendian=no
ac_cv_c_compiler_gnu=yes
ac_cv_c_const=yes
ac_cv_c_inline=inline
ac_cv_cxx_compiler_gnu=yes
ac_cv_env_CCC_set=
ac_cv_env_CCC_value=
ac_cv_env_CC_set=
ac_cv_env_CC_value=
ac_cv_env_CFLAGS_set=
ac_cv_env_CFLAGS_value=
ac_cv_env_CPPFLAGS_set=
ac_cv_env_CPPFLAGS_value=
ac_cv_env_CPP_set=
ac_cv_env_CPP_value=
ac_cv_env_CXXFLAGS_set=
ac_cv_env_CXXFLAGS_value=
ac_cv_env_CXX_set=
ac_cv_env_CXX_value=
ac_cv_env_LDFLAGS_set=
ac_cv_env_LDFLAGS_value=
ac_cv_env_LIBS_set=
ac_cv_env_LIBS_value=
ac_cv_env_build_alias_set=
ac_cv_env_build_alias_value=
ac_cv_env_host_alias_set=
ac_cv_env_host_alias_value=
ac_cv_env_target_alias_set=
ac_cv_env_target_alias_value=
ac_cv_func_openlog=yes
ac_cv_func_syslog=yes
ac_cv_header_byteswap_h=no
ac_cv_header_inttypes_h=yes
ac_cv_header_memory_h=yes
ac_cv_header_pthread_h=yes
ac_cv_header_stdc=yes
ac_cv_header_stdint_h=yes
ac_cv_header_stdlib_h=yes
ac_cv_header_string_h=yes
ac_cv_header_strings_h=yes
ac_cv_header_sys_prctl_h=no
ac_cv_header_sys_socket_h=yes
ac_cv_header_sys_stat_h=yes
ac_cv_header_sys_time_h=yes
ac_cv_header_sys_types_h=yes
ac_cv_header_syslog_h=yes
ac_cv_header_time=yes
ac_cv_header_unistd_h=yes
ac_cv_objext=o
ac_cv_path_EGREP='/usr/bin/grep -E'
ac_cv_path_GREP=/usr/bin/grep
ac_cv_prog_AWK=awk
ac_cv_prog_CPP='gcc -E'
ac_cv_prog_ac_ct_CC=gcc
ac_cv_prog_ac_ct_CXX=g++
ac_cv_prog_cc_c89=
ac_cv_prog_cc_g=yes
ac_cv_prog_cxx_g=yes
ac_cv_type_size_t=yes
ac_cv_use_yate=yes

## ----------------- ##
## Output variables. ##
## ----------------- ##

AWK='awk'
CC='gcc'
CFLAGS='-g -O2 -DLITTLE_ENDIAN'
CONFIGURE_FILES=' Makefile mbts/A53/Makefile:mbts/Makefile.head.in:mbts/A53/Makefile.in:mbts/Makefile.tail.in mbts/CLI/Makefile:mbts/Makefile.head.in:mbts/CLI/Makefile.in:mbts/Makefile.tail.in mbts/CommonLibs/Makefile:mbts/Makefile.head.in:mbts/CommonLibs/Makefile.in:mbts/Makefile.tail.in mbts/Connection/Makefile:mbts/Makefile.head.in:mbts/Connection/Makefile.in:mbts/Makefile.tail.in mbts/Control/Makefile:mbts/Makefile.head.in:mbts/Control/Makefile.in:mbts/Makefile.tail.in mbts/GPRS/Makefile:mbts/Makefile.head.in:mbts/GPRS/Makefile.in:mbts/Makefile.tail.in mbts/GSM/Makefile:mbts/Makefile.head.in:mbts/GSM/Makefile.in:mbts/Makefile.tail.in mbts/Globals/Makefile:mbts/Makefile.head.in:mbts/Globals/Makefile.in:mbts/Makefile.tail.in mbts/Peering/Makefile:mbts/Makefile.head.in:mbts/Peering/Makefile.in:mbts/Makefile.tail.in mbts/SGSNGGSN/Makefile:mbts/Makefile.head.in:mbts/SGSNGGSN/Makefile.in:mbts/Makefile.tail.in mbts/TRXManager/Makefile:mbts/Makefile.head.in:mbts/TRXManager/Makefile.in:mbts/Makefile.tail.in mbts/sqlite3/Makefile:mbts/Makefile.head.in:mbts/sqlite3/Makefile.in:mbts/Makefile.tail.in mbts/apps/Makefile:mbts/Makefile.head.in:mbts/apps/Makefile.in:mbts/Makefile.tail.in transceiver/Makefile roaming/Makefile nib/Makefile nib/auth/Makefile config.h config.status config.log'
CPP='gcc -E'
CPPFLAGS=''
CXX='g++'
CXXFLAGS='-g -O2'
DEFS='-DHAVE_CONFIG_H'
ECHO_C='\c'
ECHO_N=''
ECHO_T=''
EGREP='/usr/bin/grep -E'
EXEEXT=''
GREP='/usr/bin/grep'
HAVE_SSE3='no'
HAVE_SSE41='no'
INSTALL_D='install'
INSTALL_L=''
LDFLAGS=''
LIBOBJS=''
LIBS=''
LTLIBOBJS=''
OBJEXT='o'
PACKAGE_BUGREPORT=''
PACKAGE_NAME='Yate-BTS'
PACKAGE_RELEASE='1'
PACKAGE_REVISION='570'
PACKAGE_STATUS='devel'
PACKAGE_STRING='Yate-BTS 5.0.1'
PACKAGE_TARNAME='yate-bts'
PACKAGE_URL=''
PACKAGE_VERSION='5.0.1'
PACKAGE_VERSION_BUILD='1'
PACKAGE_VERSION_MAJOR='5'
PACKAGE_VERSION_MINOR='0'
PACKAGE_VERSION_RELEASE='1'
PATH_SEPARATOR=':'
SHELL='/bin/sh'
THREAD_LIB='-lpthread'
YATE_CFG='/usr/local/etc/yate'
YATE_DEF=' -Wno-overloaded-virtual  -fno-exceptions -fPIC -DHAVE_GCC_FORMAT_CHECK -DHAVE_BLOCK_RETURN -I/usr/local/include/yate'
YATE_INC='-g -O2 -DLITTLE_ENDIAN -Wno-overloaded-virtual -fPIC -DHAVE_GCC_FORMAT_CHECK -DHAVE_BLOCK_RETURN -I/usr/local/include/yate -DHAVE_CONFIG_H'
YATE_LIB='-lyate'
YATE_LNK=' -dynamiclib '
YATE_MOD='/usr/local/lib/yate'
YATE_REQ='5.5.1'
YATE_SCR='/usr/local/share/yate/scripts'
YATE_SHR='/usr/local/share/yate'
YATE_STR=''
YATE_VER='5.5.1'
ac_ct_CC='gcc'
ac_ct_CXX='g++'
bindir='${exec_prefix}/bin'
build_alias=''
datadir='${datarootdir}'
datarootdir='${prefix}/share'
docdir='${datarootdir}/doc/${PACKAGE_TARNAME}'
dvidir='${docdir}'
exec_prefix='${prefix}'
host_alias=''
htmldir='${docdir}'
includedir='${prefix}/include'
infodir='${datarootdir}/info'
libdir='${exec_prefix}/lib'
libexecdir='${exec_prefix}/libexec'
localedir='${datarootdir}/locale'
localstatedir='${prefix}/var'
mandir='${datarootdir}/man'
oldincludedir='/usr/include'
pdfdir='${docdir}'
prefix='/usr/local'
program_transform_name='s,x,x,'
psdir='${docdir}'
sbindir='${exec_prefix}/sbin'
sharedstatedir='${prefix}/com'
sysconfdir='${prefix}/etc'
target_alias=''

## ----------- ##
## confdefs.h. ##
## ----------- ##

/* confdefs.h */
#define PACKAGE_NAME "Yate-BTS"
#define PACKAGE_TARNAME "yate-bts"
#define PACKAGE_VERSION "5.0.1"
#define PACKAGE_STRING "Yate-BTS 5.0.1"
#define PACKAGE_BUGREPORT ""
#define PACKAGE_URL ""
#define STDC_HEADERS 1
#define HAVE_SYS_TYPES_H 1
#define HAVE_SYS_STAT_H 1
#define HAVE_STDLIB_H 1
#define HAVE_STRING_H 1
#define HAVE_MEMORY_H 1
#define HAVE_STRINGS_H 1
#define HAVE_INTTYPES_H 1
#define HAVE_STDINT_H 1
#define HAVE_UNISTD_H 1
#define TIME_WITH_SYS_TIME 1
#define HAVE_SYS_SOCKET_H 1
#define HAVE_SYS_TIME_H 1
#define HAVE_PTHREAD_H 1
#define HAVE_SYSLOG_H 1
#define HAVE_OPENLOG 1
#define HAVE_SYSLOG 1

configure: exit 0
